[29-Aug-2019 21:20:17 UTC] PHP Warning:  include(session.php): failed to open stream: No such file or directory in /Applications/MAMP/htdocs/website/chat/index.php on line 2
[29-Aug-2019 21:20:17 UTC] PHP Warning:  include(): Failed opening 'session.php' for inclusion (include_path='.:/Applications/MAMP/bin/php/php7.3.1/lib/php') in /Applications/MAMP/htdocs/website/chat/index.php on line 2
[29-Aug-2019 21:20:17 UTC] PHP Warning:  include(html_header.php): failed to open stream: No such file or directory in /Applications/MAMP/htdocs/website/chat/index.php on line 3
[29-Aug-2019 21:20:17 UTC] PHP Warning:  include(): Failed opening 'html_header.php' for inclusion (include_path='.:/Applications/MAMP/bin/php/php7.3.1/lib/php') in /Applications/MAMP/htdocs/website/chat/index.php on line 3
[29-Aug-2019 21:20:17 UTC] PHP Warning:  include(dashboard_header.php): failed to open stream: No such file or directory in /Applications/MAMP/htdocs/website/chat/index.php on line 4
[29-Aug-2019 21:20:17 UTC] PHP Warning:  include(): Failed opening 'dashboard_header.php' for inclusion (include_path='.:/Applications/MAMP/bin/php/php7.3.1/lib/php') in /Applications/MAMP/htdocs/website/chat/index.php on line 4
[29-Aug-2019 21:20:17 UTC] PHP Fatal error:  Uncaught Error: Call to undefined function ShowHeader() in /Applications/MAMP/htdocs/website/chat/index.php:6
Stack trace:
#0 {main}
  thrown in /Applications/MAMP/htdocs/website/chat/index.php on line 6
[29-Aug-2019 21:20:49 UTC] PHP Warning:  include(session.php): failed to open stream: No such file or directory in /Applications/MAMP/htdocs/website/chat/chat_callback.php on line 2
[29-Aug-2019 21:20:49 UTC] PHP Warning:  include(): Failed opening 'session.php' for inclusion (include_path='.:/Applications/MAMP/bin/php/php7.3.1/lib/php') in /Applications/MAMP/htdocs/website/chat/chat_callback.php on line 2
[29-Aug-2019 21:20:49 UTC] PHP Notice:  Undefined variable: database in /Applications/MAMP/htdocs/website/chat/chat_callback.php on line 5
[29-Aug-2019 21:20:49 UTC] PHP Fatal error:  Uncaught Error: Call to a member function prepare() on null in /Applications/MAMP/htdocs/website/chat/chat_callback.php:5
Stack trace:
#0 {main}
  thrown in /Applications/MAMP/htdocs/website/chat/chat_callback.php on line 5
[29-Aug-2019 21:20:50 UTC] PHP Warning:  include(session.php): failed to open stream: No such file or directory in /Applications/MAMP/htdocs/website/chat/chat_callback.php on line 2
[29-Aug-2019 21:20:50 UTC] PHP Warning:  include(): Failed opening 'session.php' for inclusion (include_path='.:/Applications/MAMP/bin/php/php7.3.1/lib/php') in /Applications/MAMP/htdocs/website/chat/chat_callback.php on line 2
[29-Aug-2019 21:20:50 UTC] PHP Notice:  Undefined variable: database in /Applications/MAMP/htdocs/website/chat/chat_callback.php on line 5
[29-Aug-2019 21:20:50 UTC] PHP Fatal error:  Uncaught Error: Call to a member function prepare() on null in /Applications/MAMP/htdocs/website/chat/chat_callback.php:5
Stack trace:
#0 {main}
  thrown in /Applications/MAMP/htdocs/website/chat/chat_callback.php on line 5
[29-Aug-2019 21:21:10 UTC] PHP Notice:  Undefined variable: Users in /Applications/MAMP/htdocs/website/chat/chat_callback.php on line 16
[29-Aug-2019 21:21:10 UTC] PHP Warning:  array_reverse() expects parameter 1 to be array, null given in /Applications/MAMP/htdocs/website/chat/chat_callback.php on line 16
[29-Aug-2019 21:21:10 UTC] PHP Notice:  Only variables should be passed by reference in /Applications/MAMP/htdocs/website/chat/chat_callback.php on line 16
[29-Aug-2019 21:21:10 UTC] PHP Warning:  array_pop() expects parameter 1 to be array, null given in /Applications/MAMP/htdocs/website/chat/chat_callback.php on line 16
[29-Aug-2019 21:21:10 UTC] PHP Notice:  Undefined index: path in /Applications/MAMP/htdocs/website/chat/chat_callback.php on line 41
[29-Aug-2019 21:21:10 UTC] PHP Notice:  Undefined variable: Users in /Applications/MAMP/htdocs/website/chat/chat_callback.php on line 82
[29-Aug-2019 21:21:10 UTC] PHP Warning:  Invalid argument supplied for foreach() in /Applications/MAMP/htdocs/website/essentials/essentials.php on line 321
[29-Aug-2019 21:21:10 UTC] PHP Notice:  Undefined variable: Messages in /Applications/MAMP/htdocs/website/essentials/essentials.php on line 411
[29-Aug-2019 21:21:10 UTC] PHP Warning:  Invalid argument supplied for foreach() in /Applications/MAMP/htdocs/website/essentials/essentials.php on line 411
[29-Aug-2019 21:21:26 UTC] PHP Notice:  Undefined variable: Users in /Applications/MAMP/htdocs/website/chat/chat_callback.php on line 16
[29-Aug-2019 21:21:26 UTC] PHP Warning:  array_reverse() expects parameter 1 to be array, null given in /Applications/MAMP/htdocs/website/chat/chat_callback.php on line 16
[29-Aug-2019 21:21:26 UTC] PHP Notice:  Only variables should be passed by reference in /Applications/MAMP/htdocs/website/chat/chat_callback.php on line 16
[29-Aug-2019 21:21:26 UTC] PHP Warning:  array_pop() expects parameter 1 to be array, null given in /Applications/MAMP/htdocs/website/chat/chat_callback.php on line 16
[29-Aug-2019 21:21:26 UTC] PHP Notice:  Undefined index: path in /Applications/MAMP/htdocs/website/chat/chat_callback.php on line 41
[29-Aug-2019 21:21:26 UTC] PHP Notice:  Undefined variable: Users in /Applications/MAMP/htdocs/website/chat/chat_callback.php on line 82
[29-Aug-2019 21:21:26 UTC] PHP Warning:  Invalid argument supplied for foreach() in /Applications/MAMP/htdocs/website/essentials/essentials.php on line 321
[29-Aug-2019 21:21:26 UTC] PHP Notice:  Undefined variable: Messages in /Applications/MAMP/htdocs/website/essentials/essentials.php on line 411
[29-Aug-2019 21:21:26 UTC] PHP Warning:  Invalid argument supplied for foreach() in /Applications/MAMP/htdocs/website/essentials/essentials.php on line 411
[29-Aug-2019 21:21:26 UTC] PHP Notice:  Undefined variable: Users in /Applications/MAMP/htdocs/website/chat/chat_callback.php on line 16
[29-Aug-2019 21:21:26 UTC] PHP Warning:  array_reverse() expects parameter 1 to be array, null given in /Applications/MAMP/htdocs/website/chat/chat_callback.php on line 16
[29-Aug-2019 21:21:26 UTC] PHP Notice:  Only variables should be passed by reference in /Applications/MAMP/htdocs/website/chat/chat_callback.php on line 16
[29-Aug-2019 21:21:26 UTC] PHP Warning:  array_pop() expects parameter 1 to be array, null given in /Applications/MAMP/htdocs/website/chat/chat_callback.php on line 16
[29-Aug-2019 21:21:26 UTC] PHP Notice:  Undefined index: path in /Applications/MAMP/htdocs/website/chat/chat_callback.php on line 41
[29-Aug-2019 21:21:26 UTC] PHP Notice:  Undefined variable: Users in /Applications/MAMP/htdocs/website/chat/chat_callback.php on line 82
[29-Aug-2019 21:21:26 UTC] PHP Warning:  Invalid argument supplied for foreach() in /Applications/MAMP/htdocs/website/essentials/essentials.php on line 321
[29-Aug-2019 21:21:26 UTC] PHP Notice:  Undefined variable: Messages in /Applications/MAMP/htdocs/website/essentials/essentials.php on line 411
[29-Aug-2019 21:21:26 UTC] PHP Warning:  Invalid argument supplied for foreach() in /Applications/MAMP/htdocs/website/essentials/essentials.php on line 411
[29-Aug-2019 21:22:45 UTC] PHP Notice:  Only variables should be passed by reference in /Applications/MAMP/htdocs/website/chat/chat_callback.php on line 16
[29-Aug-2019 21:22:45 UTC] PHP Notice:  Undefined index: path in /Applications/MAMP/htdocs/website/chat/chat_callback.php on line 41
[29-Aug-2019 21:22:45 UTC] PHP Notice:  Undefined variable: Messages in /Applications/MAMP/htdocs/website/essentials/essentials.php on line 411
[29-Aug-2019 21:22:45 UTC] PHP Warning:  Invalid argument supplied for foreach() in /Applications/MAMP/htdocs/website/essentials/essentials.php on line 411
[29-Aug-2019 21:22:45 UTC] PHP Notice:  Only variables should be passed by reference in /Applications/MAMP/htdocs/website/chat/chat_callback.php on line 16
[29-Aug-2019 21:22:45 UTC] PHP Notice:  Undefined index: path in /Applications/MAMP/htdocs/website/chat/chat_callback.php on line 41
[29-Aug-2019 21:22:45 UTC] PHP Notice:  Undefined variable: Messages in /Applications/MAMP/htdocs/website/essentials/essentials.php on line 411
[29-Aug-2019 21:22:45 UTC] PHP Warning:  Invalid argument supplied for foreach() in /Applications/MAMP/htdocs/website/essentials/essentials.php on line 411
[29-Aug-2019 21:22:59 UTC] PHP Notice:  Only variables should be passed by reference in /Applications/MAMP/htdocs/website/chat/chat_callback.php on line 16
[29-Aug-2019 21:22:59 UTC] PHP Notice:  Undefined index: path in /Applications/MAMP/htdocs/website/chat/chat_callback.php on line 41
[29-Aug-2019 21:22:59 UTC] PHP Notice:  Undefined variable: Messages in /Applications/MAMP/htdocs/website/essentials/essentials.php on line 411
[29-Aug-2019 21:22:59 UTC] PHP Warning:  Invalid argument supplied for foreach() in /Applications/MAMP/htdocs/website/essentials/essentials.php on line 411
[29-Aug-2019 21:22:59 UTC] PHP Notice:  Only variables should be passed by reference in /Applications/MAMP/htdocs/website/chat/chat_callback.php on line 16
[29-Aug-2019 21:22:59 UTC] PHP Notice:  Undefined index: path in /Applications/MAMP/htdocs/website/chat/chat_callback.php on line 41
[29-Aug-2019 21:22:59 UTC] PHP Notice:  Undefined variable: Messages in /Applications/MAMP/htdocs/website/essentials/essentials.php on line 411
[29-Aug-2019 21:22:59 UTC] PHP Warning:  Invalid argument supplied for foreach() in /Applications/MAMP/htdocs/website/essentials/essentials.php on line 411
[29-Aug-2019 21:24:21 UTC] PHP Notice:  Undefined index: cUserId in /Applications/MAMP/htdocs/website/chat/chat_callback.php on line 13
[29-Aug-2019 21:24:21 UTC] PHP Notice:  Only variables should be passed by reference in /Applications/MAMP/htdocs/website/chat/chat_callback.php on line 16
[29-Aug-2019 21:24:21 UTC] PHP Notice:  Undefined index: path in /Applications/MAMP/htdocs/website/chat/chat_callback.php on line 41
[29-Aug-2019 21:24:21 UTC] PHP Notice:  Undefined variable: Messages in /Applications/MAMP/htdocs/website/essentials/essentials.php on line 411
[29-Aug-2019 21:24:21 UTC] PHP Warning:  Invalid argument supplied for foreach() in /Applications/MAMP/htdocs/website/essentials/essentials.php on line 411
[29-Aug-2019 21:24:21 UTC] PHP Notice:  Undefined index: cUserId in /Applications/MAMP/htdocs/website/chat/chat_callback.php on line 13
[29-Aug-2019 21:24:21 UTC] PHP Notice:  Only variables should be passed by reference in /Applications/MAMP/htdocs/website/chat/chat_callback.php on line 16
[29-Aug-2019 21:24:21 UTC] PHP Notice:  Undefined index: path in /Applications/MAMP/htdocs/website/chat/chat_callback.php on line 41
[29-Aug-2019 21:24:21 UTC] PHP Notice:  Undefined variable: Messages in /Applications/MAMP/htdocs/website/essentials/essentials.php on line 411
[29-Aug-2019 21:24:21 UTC] PHP Warning:  Invalid argument supplied for foreach() in /Applications/MAMP/htdocs/website/essentials/essentials.php on line 411
[29-Aug-2019 21:24:51 UTC] PHP Notice:  Only variables should be passed by reference in /Applications/MAMP/htdocs/website/chat/chat_callback.php on line 16
[29-Aug-2019 21:24:51 UTC] PHP Notice:  Undefined index: path in /Applications/MAMP/htdocs/website/chat/chat_callback.php on line 41
[29-Aug-2019 21:24:51 UTC] PHP Notice:  Undefined variable: Messages in /Applications/MAMP/htdocs/website/essentials/essentials.php on line 411
[29-Aug-2019 21:24:51 UTC] PHP Warning:  Invalid argument supplied for foreach() in /Applications/MAMP/htdocs/website/essentials/essentials.php on line 411
[29-Aug-2019 21:24:51 UTC] PHP Notice:  Only variables should be passed by reference in /Applications/MAMP/htdocs/website/chat/chat_callback.php on line 16
[29-Aug-2019 21:24:51 UTC] PHP Notice:  Undefined index: path in /Applications/MAMP/htdocs/website/chat/chat_callback.php on line 41
[29-Aug-2019 21:24:51 UTC] PHP Notice:  Undefined variable: Messages in /Applications/MAMP/htdocs/website/essentials/essentials.php on line 411
[29-Aug-2019 21:24:51 UTC] PHP Warning:  Invalid argument supplied for foreach() in /Applications/MAMP/htdocs/website/essentials/essentials.php on line 411
[29-Aug-2019 21:25:33 UTC] PHP Notice:  Only variables should be passed by reference in /Applications/MAMP/htdocs/website/chat/chat_callback.php on line 16
[29-Aug-2019 21:25:33 UTC] PHP Notice:  Undefined index: path in /Applications/MAMP/htdocs/website/chat/chat_callback.php on line 41
[29-Aug-2019 21:25:33 UTC] PHP Notice:  Undefined variable: Messages in /Applications/MAMP/htdocs/website/essentials/essentials.php on line 411
[29-Aug-2019 21:25:33 UTC] PHP Warning:  Invalid argument supplied for foreach() in /Applications/MAMP/htdocs/website/essentials/essentials.php on line 411
[29-Aug-2019 21:27:46 UTC] PHP Notice:  Only variables should be passed by reference in /Applications/MAMP/htdocs/website/chat/chat_callback.php on line 16
[29-Aug-2019 21:27:46 UTC] PHP Notice:  Undefined variable: Messages in /Applications/MAMP/htdocs/website/essentials/essentials.php on line 411
[29-Aug-2019 21:27:46 UTC] PHP Warning:  Invalid argument supplied for foreach() in /Applications/MAMP/htdocs/website/essentials/essentials.php on line 411
[29-Aug-2019 21:28:41 UTC] PHP Notice:  Only variables should be passed by reference in /Applications/MAMP/htdocs/website/chat/chat_callback.php on line 16
[29-Aug-2019 21:28:41 UTC] PHP Notice:  Undefined variable: Messages in /Applications/MAMP/htdocs/website/essentials/essentials.php on line 411
[29-Aug-2019 21:28:41 UTC] PHP Warning:  Invalid argument supplied for foreach() in /Applications/MAMP/htdocs/website/essentials/essentials.php on line 411
[29-Aug-2019 21:28:41 UTC] PHP Notice:  Only variables should be passed by reference in /Applications/MAMP/htdocs/website/chat/chat_callback.php on line 16
[29-Aug-2019 21:28:41 UTC] PHP Notice:  Undefined variable: Messages in /Applications/MAMP/htdocs/website/essentials/essentials.php on line 411
[29-Aug-2019 21:28:41 UTC] PHP Warning:  Invalid argument supplied for foreach() in /Applications/MAMP/htdocs/website/essentials/essentials.php on line 411
[29-Aug-2019 21:28:42 UTC] PHP Notice:  Only variables should be passed by reference in /Applications/MAMP/htdocs/website/chat/chat_callback.php on line 16
[29-Aug-2019 21:28:42 UTC] PHP Notice:  Undefined variable: Messages in /Applications/MAMP/htdocs/website/essentials/essentials.php on line 411
[29-Aug-2019 21:28:42 UTC] PHP Warning:  Invalid argument supplied for foreach() in /Applications/MAMP/htdocs/website/essentials/essentials.php on line 411
[29-Aug-2019 21:28:42 UTC] PHP Notice:  Only variables should be passed by reference in /Applications/MAMP/htdocs/website/chat/chat_callback.php on line 16
[29-Aug-2019 21:28:42 UTC] PHP Notice:  Undefined variable: Messages in /Applications/MAMP/htdocs/website/essentials/essentials.php on line 411
[29-Aug-2019 21:28:42 UTC] PHP Warning:  Invalid argument supplied for foreach() in /Applications/MAMP/htdocs/website/essentials/essentials.php on line 411
[29-Aug-2019 21:28:43 UTC] PHP Notice:  Only variables should be passed by reference in /Applications/MAMP/htdocs/website/chat/chat_callback.php on line 16
[29-Aug-2019 21:28:43 UTC] PHP Notice:  Undefined variable: Messages in /Applications/MAMP/htdocs/website/essentials/essentials.php on line 411
[29-Aug-2019 21:28:43 UTC] PHP Warning:  Invalid argument supplied for foreach() in /Applications/MAMP/htdocs/website/essentials/essentials.php on line 411
[29-Aug-2019 21:28:43 UTC] PHP Notice:  Only variables should be passed by reference in /Applications/MAMP/htdocs/website/chat/chat_callback.php on line 16
[29-Aug-2019 21:28:43 UTC] PHP Notice:  Undefined variable: Messages in /Applications/MAMP/htdocs/website/essentials/essentials.php on line 411
[29-Aug-2019 21:28:43 UTC] PHP Warning:  Invalid argument supplied for foreach() in /Applications/MAMP/htdocs/website/essentials/essentials.php on line 411
[29-Aug-2019 21:28:44 UTC] PHP Notice:  Only variables should be passed by reference in /Applications/MAMP/htdocs/website/chat/chat_callback.php on line 16
[29-Aug-2019 21:28:44 UTC] PHP Notice:  Undefined variable: Messages in /Applications/MAMP/htdocs/website/essentials/essentials.php on line 411
[29-Aug-2019 21:28:44 UTC] PHP Warning:  Invalid argument supplied for foreach() in /Applications/MAMP/htdocs/website/essentials/essentials.php on line 411
[29-Aug-2019 21:28:45 UTC] PHP Notice:  Only variables should be passed by reference in /Applications/MAMP/htdocs/website/chat/chat_callback.php on line 16
[29-Aug-2019 21:28:45 UTC] PHP Notice:  Undefined variable: Messages in /Applications/MAMP/htdocs/website/essentials/essentials.php on line 411
[29-Aug-2019 21:28:45 UTC] PHP Warning:  Invalid argument supplied for foreach() in /Applications/MAMP/htdocs/website/essentials/essentials.php on line 411
[29-Aug-2019 21:30:03 UTC] PHP Notice:  Only variables should be passed by reference in /Applications/MAMP/htdocs/website/chat/chat_callback.php on line 16
[29-Aug-2019 21:30:03 UTC] PHP Notice:  Only variables should be passed by reference in /Applications/MAMP/htdocs/website/chat/chat_callback.php on line 16
[29-Aug-2019 21:30:04 UTC] PHP Notice:  Only variables should be passed by reference in /Applications/MAMP/htdocs/website/chat/chat_callback.php on line 16
[29-Aug-2019 21:30:04 UTC] PHP Notice:  Only variables should be passed by reference in /Applications/MAMP/htdocs/website/chat/chat_callback.php on line 16
[29-Aug-2019 21:30:47 UTC] PHP Notice:  Only variables should be passed by reference in /Applications/MAMP/htdocs/website/chat/chat_callback.php on line 16
[29-Aug-2019 21:30:47 UTC] PHP Notice:  Only variables should be passed by reference in /Applications/MAMP/htdocs/website/chat/chat_callback.php on line 16
[29-Aug-2019 21:32:06 UTC] PHP Notice:  Only variables should be passed by reference in /Applications/MAMP/htdocs/website/chat/chat_callback.php on line 16
[29-Aug-2019 21:32:06 UTC] PHP Notice:  Only variables should be passed by reference in /Applications/MAMP/htdocs/website/chat/chat_callback.php on line 16
[29-Aug-2019 21:32:07 UTC] PHP Notice:  Only variables should be passed by reference in /Applications/MAMP/htdocs/website/chat/chat_callback.php on line 16
[29-Aug-2019 21:32:07 UTC] PHP Notice:  Only variables should be passed by reference in /Applications/MAMP/htdocs/website/chat/chat_callback.php on line 16
[29-Aug-2019 21:32:07 UTC] PHP Notice:  Only variables should be passed by reference in /Applications/MAMP/htdocs/website/chat/chat_callback.php on line 16
[29-Aug-2019 21:32:07 UTC] PHP Notice:  Only variables should be passed by reference in /Applications/MAMP/htdocs/website/chat/chat_callback.php on line 16
[29-Aug-2019 21:32:53 UTC] PHP Notice:  Only variables should be passed by reference in /Applications/MAMP/htdocs/website/chat/chat_callback.php on line 16
[29-Aug-2019 21:32:53 UTC] PHP Notice:  Only variables should be passed by reference in /Applications/MAMP/htdocs/website/chat/chat_callback.php on line 16
[29-Aug-2019 21:54:25 UTC] PHP Notice:  Only variables should be passed by reference in /Applications/MAMP/htdocs/website/chat/chat_callback.php on line 16
[29-Aug-2019 21:54:26 UTC] PHP Notice:  Only variables should be passed by reference in /Applications/MAMP/htdocs/website/chat/chat_callback.php on line 16
[29-Aug-2019 21:54:35 UTC] PHP Notice:  Only variables should be passed by reference in /Applications/MAMP/htdocs/website/chat/chat_callback.php on line 16
[29-Aug-2019 21:54:35 UTC] PHP Notice:  Only variables should be passed by reference in /Applications/MAMP/htdocs/website/chat/chat_callback.php on line 16
[29-Aug-2019 22:09:50 UTC] PHP Notice:  Only variables should be passed by reference in /Applications/MAMP/htdocs/website/chat/chat_callback.php on line 16
[29-Aug-2019 22:44:05 UTC] PHP Notice:  Only variables should be passed by reference in /Applications/MAMP/htdocs/website/chat/chat_callback.php on line 16
[01-Sep-2019 15:10:42 UTC] PHP Notice:  Only variables should be passed by reference in /Applications/MAMP/htdocs/website/chat/chat_callback.php on line 16
[01-Sep-2019 15:14:21 UTC] PHP Notice:  Only variables should be passed by reference in /Applications/MAMP/htdocs/website/chat/chat_callback.php on line 16
[01-Sep-2019 19:02:20 UTC] PHP Notice:  Only variables should be passed by reference in /Applications/MAMP/htdocs/website/chat/chat_callback.php on line 16
[02-Sep-2019 13:55:01 UTC] PHP Notice:  Only variables should be passed by reference in /Applications/MAMP/htdocs/website/chat/chat_callback.php on line 16
[02-Sep-2019 13:58:26 UTC] PHP Notice:  Only variables should be passed by reference in /Applications/MAMP/htdocs/website/chat/chat_callback.php on line 16
[02-Sep-2019 14:01:03 UTC] PHP Notice:  Only variables should be passed by reference in /Applications/MAMP/htdocs/website/chat/chat_callback.php on line 16
[02-Sep-2019 14:01:03 UTC] PHP Notice:  Array to string conversion in /Applications/MAMP/htdocs/website/chat/chat_callback.php on line 23
[02-Sep-2019 14:01:03 UTC] PHP Notice:  Undefined index: sender in /Applications/MAMP/htdocs/website/chat/chat_callback.php on line 65
[02-Sep-2019 14:01:03 UTC] PHP Notice:  Undefined index: sender in /Applications/MAMP/htdocs/website/essentials/essentials.php on line 322
[02-Sep-2019 14:01:03 UTC] PHP Notice:  Undefined index: sender in /Applications/MAMP/htdocs/website/essentials/essentials.php on line 358
[02-Sep-2019 14:01:03 UTC] PHP Notice:  Undefined index: sender in /Applications/MAMP/htdocs/website/essentials/essentials.php on line 322
[02-Sep-2019 14:01:03 UTC] PHP Notice:  Undefined index: sender in /Applications/MAMP/htdocs/website/essentials/essentials.php on line 358
[02-Sep-2019 14:01:03 UTC] PHP Notice:  Undefined index: sender in /Applications/MAMP/htdocs/website/essentials/essentials.php on line 322
[02-Sep-2019 14:01:03 UTC] PHP Notice:  Undefined index: sender in /Applications/MAMP/htdocs/website/essentials/essentials.php on line 358
[02-Sep-2019 14:01:03 UTC] PHP Notice:  Undefined index: sender in /Applications/MAMP/htdocs/website/essentials/essentials.php on line 322
[02-Sep-2019 14:01:03 UTC] PHP Notice:  Undefined index: sender in /Applications/MAMP/htdocs/website/essentials/essentials.php on line 358
[02-Sep-2019 14:01:03 UTC] PHP Notice:  Undefined index: sender in /Applications/MAMP/htdocs/website/chat/chat_callback.php on line 98
[02-Sep-2019 14:01:03 UTC] PHP Notice:  Undefined index: sender in /Applications/MAMP/htdocs/website/chat/chat_callback.php on line 100
[02-Sep-2019 14:01:04 UTC] PHP Notice:  Only variables should be passed by reference in /Applications/MAMP/htdocs/website/chat/chat_callback.php on line 16
[02-Sep-2019 14:01:04 UTC] PHP Notice:  Array to string conversion in /Applications/MAMP/htdocs/website/chat/chat_callback.php on line 23
[02-Sep-2019 14:01:04 UTC] PHP Notice:  Undefined index: sender in /Applications/MAMP/htdocs/website/chat/chat_callback.php on line 65
[02-Sep-2019 14:01:04 UTC] PHP Notice:  Undefined index: sender in /Applications/MAMP/htdocs/website/essentials/essentials.php on line 322
[02-Sep-2019 14:01:04 UTC] PHP Notice:  Undefined index: sender in /Applications/MAMP/htdocs/website/essentials/essentials.php on line 358
[02-Sep-2019 14:01:04 UTC] PHP Notice:  Undefined index: sender in /Applications/MAMP/htdocs/website/essentials/essentials.php on line 322
[02-Sep-2019 14:01:04 UTC] PHP Notice:  Undefined index: sender in /Applications/MAMP/htdocs/website/essentials/essentials.php on line 358
[02-Sep-2019 14:01:04 UTC] PHP Notice:  Undefined index: sender in /Applications/MAMP/htdocs/website/essentials/essentials.php on line 322
[02-Sep-2019 14:01:04 UTC] PHP Notice:  Undefined index: sender in /Applications/MAMP/htdocs/website/essentials/essentials.php on line 358
[02-Sep-2019 14:01:04 UTC] PHP Notice:  Undefined index: sender in /Applications/MAMP/htdocs/website/essentials/essentials.php on line 322
[02-Sep-2019 14:01:04 UTC] PHP Notice:  Undefined index: sender in /Applications/MAMP/htdocs/website/essentials/essentials.php on line 358
[02-Sep-2019 14:01:04 UTC] PHP Notice:  Undefined index: sender in /Applications/MAMP/htdocs/website/chat/chat_callback.php on line 98
[02-Sep-2019 14:01:04 UTC] PHP Notice:  Undefined index: sender in /Applications/MAMP/htdocs/website/chat/chat_callback.php on line 100
[02-Sep-2019 14:01:04 UTC] PHP Notice:  Only variables should be passed by reference in /Applications/MAMP/htdocs/website/chat/chat_callback.php on line 16
[02-Sep-2019 14:01:04 UTC] PHP Notice:  Array to string conversion in /Applications/MAMP/htdocs/website/chat/chat_callback.php on line 23
[02-Sep-2019 14:01:04 UTC] PHP Notice:  Undefined index: sender in /Applications/MAMP/htdocs/website/chat/chat_callback.php on line 65
[02-Sep-2019 14:01:04 UTC] PHP Notice:  Undefined index: sender in /Applications/MAMP/htdocs/website/essentials/essentials.php on line 322
[02-Sep-2019 14:01:04 UTC] PHP Notice:  Undefined index: sender in /Applications/MAMP/htdocs/website/essentials/essentials.php on line 358
[02-Sep-2019 14:01:04 UTC] PHP Notice:  Undefined index: sender in /Applications/MAMP/htdocs/website/essentials/essentials.php on line 322
[02-Sep-2019 14:01:04 UTC] PHP Notice:  Undefined index: sender in /Applications/MAMP/htdocs/website/essentials/essentials.php on line 358
[02-Sep-2019 14:01:04 UTC] PHP Notice:  Undefined index: sender in /Applications/MAMP/htdocs/website/essentials/essentials.php on line 322
[02-Sep-2019 14:01:04 UTC] PHP Notice:  Undefined index: sender in /Applications/MAMP/htdocs/website/essentials/essentials.php on line 358
[02-Sep-2019 14:01:04 UTC] PHP Notice:  Undefined index: sender in /Applications/MAMP/htdocs/website/essentials/essentials.php on line 322
[02-Sep-2019 14:01:04 UTC] PHP Notice:  Undefined index: sender in /Applications/MAMP/htdocs/website/essentials/essentials.php on line 358
[02-Sep-2019 14:01:04 UTC] PHP Notice:  Undefined index: sender in /Applications/MAMP/htdocs/website/chat/chat_callback.php on line 98
[02-Sep-2019 14:01:04 UTC] PHP Notice:  Undefined index: sender in /Applications/MAMP/htdocs/website/chat/chat_callback.php on line 100
[02-Sep-2019 14:02:13 UTC] PHP Notice:  Only variables should be passed by reference in /Applications/MAMP/htdocs/website/chat/chat_callback.php on line 16
[02-Sep-2019 14:02:13 UTC] PHP Notice:  Array to string conversion in /Applications/MAMP/htdocs/website/chat/chat_callback.php on line 23
[02-Sep-2019 14:02:13 UTC] PHP Notice:  Undefined index: sender in /Applications/MAMP/htdocs/website/chat/chat_callback.php on line 65
[02-Sep-2019 14:02:13 UTC] PHP Notice:  Undefined index: sender in /Applications/MAMP/htdocs/website/essentials/essentials.php on line 322
[02-Sep-2019 14:02:13 UTC] PHP Notice:  Undefined index: sender in /Applications/MAMP/htdocs/website/essentials/essentials.php on line 358
[02-Sep-2019 14:02:13 UTC] PHP Notice:  Undefined index: sender in /Applications/MAMP/htdocs/website/essentials/essentials.php on line 322
[02-Sep-2019 14:02:13 UTC] PHP Notice:  Undefined index: sender in /Applications/MAMP/htdocs/website/essentials/essentials.php on line 358
[02-Sep-2019 14:02:13 UTC] PHP Notice:  Undefined index: sender in /Applications/MAMP/htdocs/website/essentials/essentials.php on line 322
[02-Sep-2019 14:02:13 UTC] PHP Notice:  Undefined index: sender in /Applications/MAMP/htdocs/website/essentials/essentials.php on line 358
[02-Sep-2019 14:02:13 UTC] PHP Notice:  Undefined index: sender in /Applications/MAMP/htdocs/website/chat/chat_callback.php on line 98
[02-Sep-2019 14:02:13 UTC] PHP Notice:  Undefined index: sender in /Applications/MAMP/htdocs/website/chat/chat_callback.php on line 100
[02-Sep-2019 14:02:13 UTC] PHP Notice:  Only variables should be passed by reference in /Applications/MAMP/htdocs/website/chat/chat_callback.php on line 16
[02-Sep-2019 14:02:13 UTC] PHP Notice:  Array to string conversion in /Applications/MAMP/htdocs/website/chat/chat_callback.php on line 23
[02-Sep-2019 14:02:13 UTC] PHP Notice:  Undefined index: sender in /Applications/MAMP/htdocs/website/chat/chat_callback.php on line 65
[02-Sep-2019 14:02:13 UTC] PHP Notice:  Undefined index: sender in /Applications/MAMP/htdocs/website/essentials/essentials.php on line 322
[02-Sep-2019 14:02:13 UTC] PHP Notice:  Undefined index: sender in /Applications/MAMP/htdocs/website/essentials/essentials.php on line 358
[02-Sep-2019 14:02:13 UTC] PHP Notice:  Undefined index: sender in /Applications/MAMP/htdocs/website/essentials/essentials.php on line 322
[02-Sep-2019 14:02:13 UTC] PHP Notice:  Undefined index: sender in /Applications/MAMP/htdocs/website/essentials/essentials.php on line 358
[02-Sep-2019 14:02:13 UTC] PHP Notice:  Undefined index: sender in /Applications/MAMP/htdocs/website/essentials/essentials.php on line 322
[02-Sep-2019 14:02:13 UTC] PHP Notice:  Undefined index: sender in /Applications/MAMP/htdocs/website/essentials/essentials.php on line 358
[02-Sep-2019 14:02:13 UTC] PHP Notice:  Undefined index: sender in /Applications/MAMP/htdocs/website/chat/chat_callback.php on line 98
[02-Sep-2019 14:02:13 UTC] PHP Notice:  Undefined index: sender in /Applications/MAMP/htdocs/website/chat/chat_callback.php on line 100
[02-Sep-2019 14:03:25 UTC] PHP Notice:  Only variables should be passed by reference in /Applications/MAMP/htdocs/website/chat/chat_callback.php on line 16
[02-Sep-2019 14:03:25 UTC] PHP Notice:  Array to string conversion in /Applications/MAMP/htdocs/website/chat/chat_callback.php on line 23
[02-Sep-2019 14:03:25 UTC] PHP Notice:  Undefined index: sender in /Applications/MAMP/htdocs/website/chat/chat_callback.php on line 65
[02-Sep-2019 14:03:25 UTC] PHP Notice:  Undefined index: sender in /Applications/MAMP/htdocs/website/essentials/essentials.php on line 358
[02-Sep-2019 14:03:25 UTC] PHP Notice:  Undefined index: sender in /Applications/MAMP/htdocs/website/essentials/essentials.php on line 358
[02-Sep-2019 14:03:25 UTC] PHP Notice:  Undefined index: sender in /Applications/MAMP/htdocs/website/essentials/essentials.php on line 358
[02-Sep-2019 14:03:25 UTC] PHP Notice:  Undefined index: sender in /Applications/MAMP/htdocs/website/chat/chat_callback.php on line 98
[02-Sep-2019 14:03:25 UTC] PHP Notice:  Undefined index: sender in /Applications/MAMP/htdocs/website/chat/chat_callback.php on line 100
[02-Sep-2019 14:03:25 UTC] PHP Notice:  Only variables should be passed by reference in /Applications/MAMP/htdocs/website/chat/chat_callback.php on line 16
[02-Sep-2019 14:03:25 UTC] PHP Notice:  Array to string conversion in /Applications/MAMP/htdocs/website/chat/chat_callback.php on line 23
[02-Sep-2019 14:03:25 UTC] PHP Notice:  Undefined index: sender in /Applications/MAMP/htdocs/website/chat/chat_callback.php on line 65
[02-Sep-2019 14:03:25 UTC] PHP Notice:  Undefined index: sender in /Applications/MAMP/htdocs/website/essentials/essentials.php on line 358
[02-Sep-2019 14:03:25 UTC] PHP Notice:  Undefined index: sender in /Applications/MAMP/htdocs/website/essentials/essentials.php on line 358
[02-Sep-2019 14:03:25 UTC] PHP Notice:  Undefined index: sender in /Applications/MAMP/htdocs/website/essentials/essentials.php on line 358
[02-Sep-2019 14:03:25 UTC] PHP Notice:  Undefined index: sender in /Applications/MAMP/htdocs/website/chat/chat_callback.php on line 98
[02-Sep-2019 14:03:25 UTC] PHP Notice:  Undefined index: sender in /Applications/MAMP/htdocs/website/chat/chat_callback.php on line 100
[02-Sep-2019 14:03:26 UTC] PHP Notice:  Only variables should be passed by reference in /Applications/MAMP/htdocs/website/chat/chat_callback.php on line 16
[02-Sep-2019 14:03:26 UTC] PHP Notice:  Array to string conversion in /Applications/MAMP/htdocs/website/chat/chat_callback.php on line 23
[02-Sep-2019 14:03:26 UTC] PHP Notice:  Undefined index: sender in /Applications/MAMP/htdocs/website/chat/chat_callback.php on line 65
[02-Sep-2019 14:03:26 UTC] PHP Notice:  Undefined index: sender in /Applications/MAMP/htdocs/website/essentials/essentials.php on line 358
[02-Sep-2019 14:03:26 UTC] PHP Notice:  Undefined index: sender in /Applications/MAMP/htdocs/website/essentials/essentials.php on line 358
[02-Sep-2019 14:03:26 UTC] PHP Notice:  Undefined index: sender in /Applications/MAMP/htdocs/website/essentials/essentials.php on line 358
[02-Sep-2019 14:03:26 UTC] PHP Notice:  Undefined index: sender in /Applications/MAMP/htdocs/website/chat/chat_callback.php on line 98
[02-Sep-2019 14:03:26 UTC] PHP Notice:  Undefined index: sender in /Applications/MAMP/htdocs/website/chat/chat_callback.php on line 100
[02-Sep-2019 14:03:26 UTC] PHP Notice:  Only variables should be passed by reference in /Applications/MAMP/htdocs/website/chat/chat_callback.php on line 16
[02-Sep-2019 14:03:26 UTC] PHP Notice:  Array to string conversion in /Applications/MAMP/htdocs/website/chat/chat_callback.php on line 23
[02-Sep-2019 14:03:26 UTC] PHP Notice:  Undefined index: sender in /Applications/MAMP/htdocs/website/chat/chat_callback.php on line 65
[02-Sep-2019 14:03:26 UTC] PHP Notice:  Undefined index: sender in /Applications/MAMP/htdocs/website/essentials/essentials.php on line 358
[02-Sep-2019 14:03:26 UTC] PHP Notice:  Undefined index: sender in /Applications/MAMP/htdocs/website/essentials/essentials.php on line 358
[02-Sep-2019 14:03:26 UTC] PHP Notice:  Undefined index: sender in /Applications/MAMP/htdocs/website/essentials/essentials.php on line 358
[02-Sep-2019 14:03:26 UTC] PHP Notice:  Undefined index: sender in /Applications/MAMP/htdocs/website/chat/chat_callback.php on line 98
[02-Sep-2019 14:03:26 UTC] PHP Notice:  Undefined index: sender in /Applications/MAMP/htdocs/website/chat/chat_callback.php on line 100
[02-Sep-2019 14:03:37 UTC] PHP Notice:  Only variables should be passed by reference in /Applications/MAMP/htdocs/website/chat/chat_callback.php on line 16
[02-Sep-2019 14:03:37 UTC] PHP Notice:  Array to string conversion in /Applications/MAMP/htdocs/website/chat/chat_callback.php on line 23
[02-Sep-2019 14:03:37 UTC] PHP Notice:  Undefined index: sender in /Applications/MAMP/htdocs/website/chat/chat_callback.php on line 65
[02-Sep-2019 14:03:37 UTC] PHP Notice:  Undefined index: sender in /Applications/MAMP/htdocs/website/chat/chat_callback.php on line 98
[02-Sep-2019 14:03:37 UTC] PHP Notice:  Undefined index: sender in /Applications/MAMP/htdocs/website/chat/chat_callback.php on line 100
[02-Sep-2019 14:03:37 UTC] PHP Notice:  Only variables should be passed by reference in /Applications/MAMP/htdocs/website/chat/chat_callback.php on line 16
[02-Sep-2019 14:03:37 UTC] PHP Notice:  Array to string conversion in /Applications/MAMP/htdocs/website/chat/chat_callback.php on line 23
[02-Sep-2019 14:03:37 UTC] PHP Notice:  Undefined index: sender in /Applications/MAMP/htdocs/website/chat/chat_callback.php on line 65
[02-Sep-2019 14:03:37 UTC] PHP Notice:  Undefined index: sender in /Applications/MAMP/htdocs/website/chat/chat_callback.php on line 98
[02-Sep-2019 14:03:37 UTC] PHP Notice:  Undefined index: sender in /Applications/MAMP/htdocs/website/chat/chat_callback.php on line 100
[02-Sep-2019 14:05:20 UTC] PHP Notice:  Only variables should be passed by reference in /Applications/MAMP/htdocs/website/chat/chat_callback.php on line 16
[02-Sep-2019 14:05:20 UTC] PHP Fatal error:  Uncaught ArgumentCountError: Too few arguments to function GetProfilePicture(), 1 passed in /Applications/MAMP/htdocs/website/chat/chat_callback.php on line 19 and exactly 2 expected in /Applications/MAMP/htdocs/website/essentials/essentials.php:234
Stack trace:
#0 /Applications/MAMP/htdocs/website/chat/chat_callback.php(19): GetProfilePicture(Array)
#1 {main}
  thrown in /Applications/MAMP/htdocs/website/essentials/essentials.php on line 234
[02-Sep-2019 14:05:21 UTC] PHP Notice:  Only variables should be passed by reference in /Applications/MAMP/htdocs/website/chat/chat_callback.php on line 16
[02-Sep-2019 14:05:21 UTC] PHP Fatal error:  Uncaught ArgumentCountError: Too few arguments to function GetProfilePicture(), 1 passed in /Applications/MAMP/htdocs/website/chat/chat_callback.php on line 19 and exactly 2 expected in /Applications/MAMP/htdocs/website/essentials/essentials.php:234
Stack trace:
#0 /Applications/MAMP/htdocs/website/chat/chat_callback.php(19): GetProfilePicture(Array)
#1 {main}
  thrown in /Applications/MAMP/htdocs/website/essentials/essentials.php on line 234
[02-Sep-2019 14:05:21 UTC] PHP Notice:  Only variables should be passed by reference in /Applications/MAMP/htdocs/website/chat/chat_callback.php on line 16
[02-Sep-2019 14:05:21 UTC] PHP Fatal error:  Uncaught ArgumentCountError: Too few arguments to function GetProfilePicture(), 1 passed in /Applications/MAMP/htdocs/website/chat/chat_callback.php on line 19 and exactly 2 expected in /Applications/MAMP/htdocs/website/essentials/essentials.php:234
Stack trace:
#0 /Applications/MAMP/htdocs/website/chat/chat_callback.php(19): GetProfilePicture(Array)
#1 {main}
  thrown in /Applications/MAMP/htdocs/website/essentials/essentials.php on line 234
[02-Sep-2019 14:05:22 UTC] PHP Notice:  Only variables should be passed by reference in /Applications/MAMP/htdocs/website/chat/chat_callback.php on line 16
[02-Sep-2019 14:05:22 UTC] PHP Fatal error:  Uncaught ArgumentCountError: Too few arguments to function GetProfilePicture(), 1 passed in /Applications/MAMP/htdocs/website/chat/chat_callback.php on line 19 and exactly 2 expected in /Applications/MAMP/htdocs/website/essentials/essentials.php:234
Stack trace:
#0 /Applications/MAMP/htdocs/website/chat/chat_callback.php(19): GetProfilePicture(Array)
#1 {main}
  thrown in /Applications/MAMP/htdocs/website/essentials/essentials.php on line 234
[02-Sep-2019 14:05:22 UTC] PHP Notice:  Only variables should be passed by reference in /Applications/MAMP/htdocs/website/chat/chat_callback.php on line 16
[02-Sep-2019 14:05:22 UTC] PHP Fatal error:  Uncaught ArgumentCountError: Too few arguments to function GetProfilePicture(), 1 passed in /Applications/MAMP/htdocs/website/chat/chat_callback.php on line 19 and exactly 2 expected in /Applications/MAMP/htdocs/website/essentials/essentials.php:234
Stack trace:
#0 /Applications/MAMP/htdocs/website/chat/chat_callback.php(19): GetProfilePicture(Array)
#1 {main}
  thrown in /Applications/MAMP/htdocs/website/essentials/essentials.php on line 234
[02-Sep-2019 14:05:23 UTC] PHP Notice:  Only variables should be passed by reference in /Applications/MAMP/htdocs/website/chat/chat_callback.php on line 16
[02-Sep-2019 14:05:23 UTC] PHP Fatal error:  Uncaught ArgumentCountError: Too few arguments to function GetProfilePicture(), 1 passed in /Applications/MAMP/htdocs/website/chat/chat_callback.php on line 19 and exactly 2 expected in /Applications/MAMP/htdocs/website/essentials/essentials.php:234
Stack trace:
#0 /Applications/MAMP/htdocs/website/chat/chat_callback.php(19): GetProfilePicture(Array)
#1 {main}
  thrown in /Applications/MAMP/htdocs/website/essentials/essentials.php on line 234
[02-Sep-2019 14:05:37 UTC] PHP Notice:  Only variables should be passed by reference in /Applications/MAMP/htdocs/website/chat/chat_callback.php on line 16
[02-Sep-2019 14:05:37 UTC] PHP Notice:  Array to string conversion in /Applications/MAMP/htdocs/website/essentials/essentials.php on line 239
[02-Sep-2019 14:05:37 UTC] PHP Notice:  Undefined index: sender in /Applications/MAMP/htdocs/website/chat/chat_callback.php on line 57
[02-Sep-2019 14:05:37 UTC] PHP Notice:  Undefined index: sender in /Applications/MAMP/htdocs/website/chat/chat_callback.php on line 90
[02-Sep-2019 14:05:37 UTC] PHP Notice:  Undefined index: sender in /Applications/MAMP/htdocs/website/chat/chat_callback.php on line 92
[02-Sep-2019 14:05:38 UTC] PHP Notice:  Only variables should be passed by reference in /Applications/MAMP/htdocs/website/chat/chat_callback.php on line 16
[02-Sep-2019 14:05:38 UTC] PHP Notice:  Array to string conversion in /Applications/MAMP/htdocs/website/essentials/essentials.php on line 239
[02-Sep-2019 14:05:38 UTC] PHP Notice:  Undefined index: sender in /Applications/MAMP/htdocs/website/chat/chat_callback.php on line 57
[02-Sep-2019 14:05:38 UTC] PHP Notice:  Undefined index: sender in /Applications/MAMP/htdocs/website/chat/chat_callback.php on line 90
[02-Sep-2019 14:05:38 UTC] PHP Notice:  Undefined index: sender in /Applications/MAMP/htdocs/website/chat/chat_callback.php on line 92
[02-Sep-2019 14:05:39 UTC] PHP Notice:  Only variables should be passed by reference in /Applications/MAMP/htdocs/website/chat/chat_callback.php on line 16
[02-Sep-2019 14:05:39 UTC] PHP Notice:  Array to string conversion in /Applications/MAMP/htdocs/website/essentials/essentials.php on line 239
[02-Sep-2019 14:05:39 UTC] PHP Notice:  Undefined index: sender in /Applications/MAMP/htdocs/website/chat/chat_callback.php on line 57
[02-Sep-2019 14:05:39 UTC] PHP Notice:  Undefined index: sender in /Applications/MAMP/htdocs/website/chat/chat_callback.php on line 90
[02-Sep-2019 14:05:39 UTC] PHP Notice:  Undefined index: sender in /Applications/MAMP/htdocs/website/chat/chat_callback.php on line 92
[02-Sep-2019 14:05:39 UTC] PHP Notice:  Only variables should be passed by reference in /Applications/MAMP/htdocs/website/chat/chat_callback.php on line 16
[02-Sep-2019 14:05:39 UTC] PHP Notice:  Array to string conversion in /Applications/MAMP/htdocs/website/essentials/essentials.php on line 239
[02-Sep-2019 14:05:39 UTC] PHP Notice:  Undefined index: sender in /Applications/MAMP/htdocs/website/chat/chat_callback.php on line 57
[02-Sep-2019 14:05:39 UTC] PHP Notice:  Undefined index: sender in /Applications/MAMP/htdocs/website/chat/chat_callback.php on line 90
[02-Sep-2019 14:05:39 UTC] PHP Notice:  Undefined index: sender in /Applications/MAMP/htdocs/website/chat/chat_callback.php on line 92
[02-Sep-2019 14:06:04 UTC] PHP Notice:  Only variables should be passed by reference in /Applications/MAMP/htdocs/website/chat/chat_callback.php on line 16
[02-Sep-2019 14:06:04 UTC] PHP Notice:  Array to string conversion in /Applications/MAMP/htdocs/website/essentials/essentials.php on line 239
[02-Sep-2019 14:06:04 UTC] PHP Notice:  Undefined index: sender in /Applications/MAMP/htdocs/website/chat/chat_callback.php on line 85
[02-Sep-2019 14:06:04 UTC] PHP Notice:  Undefined index: sender in /Applications/MAMP/htdocs/website/chat/chat_callback.php on line 87
[02-Sep-2019 14:06:04 UTC] PHP Notice:  Only variables should be passed by reference in /Applications/MAMP/htdocs/website/chat/chat_callback.php on line 16
[02-Sep-2019 14:06:04 UTC] PHP Notice:  Array to string conversion in /Applications/MAMP/htdocs/website/essentials/essentials.php on line 239
[02-Sep-2019 14:06:04 UTC] PHP Notice:  Undefined index: sender in /Applications/MAMP/htdocs/website/chat/chat_callback.php on line 85
[02-Sep-2019 14:06:04 UTC] PHP Notice:  Undefined index: sender in /Applications/MAMP/htdocs/website/chat/chat_callback.php on line 87
[02-Sep-2019 14:06:06 UTC] PHP Notice:  Only variables should be passed by reference in /Applications/MAMP/htdocs/website/chat/chat_callback.php on line 16
[02-Sep-2019 14:06:06 UTC] PHP Notice:  Array to string conversion in /Applications/MAMP/htdocs/website/essentials/essentials.php on line 239
[02-Sep-2019 14:06:07 UTC] PHP Notice:  Undefined index: sender in /Applications/MAMP/htdocs/website/chat/chat_callback.php on line 85
[02-Sep-2019 14:06:07 UTC] PHP Notice:  Undefined index: sender in /Applications/MAMP/htdocs/website/chat/chat_callback.php on line 87
[02-Sep-2019 14:06:07 UTC] PHP Notice:  Only variables should be passed by reference in /Applications/MAMP/htdocs/website/chat/chat_callback.php on line 16
[02-Sep-2019 14:06:07 UTC] PHP Notice:  Array to string conversion in /Applications/MAMP/htdocs/website/essentials/essentials.php on line 239
[02-Sep-2019 14:06:07 UTC] PHP Notice:  Undefined index: sender in /Applications/MAMP/htdocs/website/chat/chat_callback.php on line 85
[02-Sep-2019 14:06:07 UTC] PHP Notice:  Undefined index: sender in /Applications/MAMP/htdocs/website/chat/chat_callback.php on line 87
[02-Sep-2019 14:06:39 UTC] PHP Notice:  Only variables should be passed by reference in /Applications/MAMP/htdocs/website/chat/chat_callback.php on line 16
[02-Sep-2019 14:06:39 UTC] PHP Notice:  Array to string conversion in /Applications/MAMP/htdocs/website/essentials/essentials.php on line 239
[02-Sep-2019 14:06:39 UTC] PHP Notice:  Undefined index: sender in /Applications/MAMP/htdocs/website/chat/chat_callback.php on line 85
[02-Sep-2019 14:06:39 UTC] PHP Notice:  Undefined index: sender in /Applications/MAMP/htdocs/website/chat/chat_callback.php on line 87
[02-Sep-2019 14:06:39 UTC] PHP Notice:  Only variables should be passed by reference in /Applications/MAMP/htdocs/website/chat/chat_callback.php on line 16
[02-Sep-2019 14:06:39 UTC] PHP Notice:  Array to string conversion in /Applications/MAMP/htdocs/website/essentials/essentials.php on line 239
[02-Sep-2019 14:06:39 UTC] PHP Notice:  Undefined index: sender in /Applications/MAMP/htdocs/website/chat/chat_callback.php on line 85
[02-Sep-2019 14:06:39 UTC] PHP Notice:  Undefined index: sender in /Applications/MAMP/htdocs/website/chat/chat_callback.php on line 87
[02-Sep-2019 14:07:02 UTC] PHP Notice:  Only variables should be passed by reference in /Applications/MAMP/htdocs/website/chat/chat_callback.php on line 16
[02-Sep-2019 14:07:02 UTC] PHP Notice:  Array to string conversion in /Applications/MAMP/htdocs/website/essentials/essentials.php on line 239
[02-Sep-2019 14:07:02 UTC] PHP Notice:  Undefined index: sender in /Applications/MAMP/htdocs/website/chat/chat_callback.php on line 85
[02-Sep-2019 14:07:02 UTC] PHP Notice:  Undefined index: sender in /Applications/MAMP/htdocs/website/chat/chat_callback.php on line 87
[02-Sep-2019 14:07:02 UTC] PHP Notice:  Only variables should be passed by reference in /Applications/MAMP/htdocs/website/chat/chat_callback.php on line 16
[02-Sep-2019 14:07:02 UTC] PHP Notice:  Array to string conversion in /Applications/MAMP/htdocs/website/essentials/essentials.php on line 239
[02-Sep-2019 14:07:02 UTC] PHP Notice:  Undefined index: sender in /Applications/MAMP/htdocs/website/chat/chat_callback.php on line 85
[02-Sep-2019 14:07:02 UTC] PHP Notice:  Undefined index: sender in /Applications/MAMP/htdocs/website/chat/chat_callback.php on line 87
[02-Sep-2019 14:07:54 UTC] PHP Notice:  Only variables should be passed by reference in /Applications/MAMP/htdocs/website/chat/chat_callback.php on line 16
[02-Sep-2019 14:07:54 UTC] PHP Notice:  Array to string conversion in /Applications/MAMP/htdocs/website/essentials/essentials.php on line 239
[02-Sep-2019 14:07:54 UTC] PHP Notice:  Only variables should be passed by reference in /Applications/MAMP/htdocs/website/chat/chat_callback.php on line 16
[02-Sep-2019 14:07:54 UTC] PHP Notice:  Array to string conversion in /Applications/MAMP/htdocs/website/essentials/essentials.php on line 239
[02-Sep-2019 14:08:21 UTC] PHP Notice:  Only variables should be passed by reference in /Applications/MAMP/htdocs/website/chat/chat_callback.php on line 16
[02-Sep-2019 14:08:21 UTC] PHP Notice:  Array to string conversion in /Applications/MAMP/htdocs/website/essentials/essentials.php on line 239
[02-Sep-2019 14:08:21 UTC] PHP Notice:  Only variables should be passed by reference in /Applications/MAMP/htdocs/website/chat/chat_callback.php on line 16
[02-Sep-2019 14:08:21 UTC] PHP Notice:  Array to string conversion in /Applications/MAMP/htdocs/website/essentials/essentials.php on line 239
[02-Sep-2019 14:08:23 UTC] PHP Notice:  Only variables should be passed by reference in /Applications/MAMP/htdocs/website/chat/chat_callback.php on line 16
[02-Sep-2019 14:08:23 UTC] PHP Notice:  Array to string conversion in /Applications/MAMP/htdocs/website/essentials/essentials.php on line 239
[02-Sep-2019 14:08:24 UTC] PHP Notice:  Only variables should be passed by reference in /Applications/MAMP/htdocs/website/chat/chat_callback.php on line 16
[02-Sep-2019 14:08:24 UTC] PHP Notice:  Array to string conversion in /Applications/MAMP/htdocs/website/essentials/essentials.php on line 239
[02-Sep-2019 14:09:10 UTC] PHP Notice:  Only variables should be passed by reference in /Applications/MAMP/htdocs/website/chat/chat_callback.php on line 16
[02-Sep-2019 14:09:10 UTC] PHP Notice:  Only variables should be passed by reference in /Applications/MAMP/htdocs/website/chat/chat_callback.php on line 16
[02-Sep-2019 14:09:53 UTC] PHP Notice:  Only variables should be passed by reference in /Applications/MAMP/htdocs/website/chat/chat_callback.php on line 16
[02-Sep-2019 14:09:53 UTC] PHP Notice:  Only variables should be passed by reference in /Applications/MAMP/htdocs/website/chat/chat_callback.php on line 16
[02-Sep-2019 14:09:54 UTC] PHP Notice:  Only variables should be passed by reference in /Applications/MAMP/htdocs/website/chat/chat_callback.php on line 16
[02-Sep-2019 14:09:55 UTC] PHP Notice:  Only variables should be passed by reference in /Applications/MAMP/htdocs/website/chat/chat_callback.php on line 16
[02-Sep-2019 14:09:56 UTC] PHP Notice:  Only variables should be passed by reference in /Applications/MAMP/htdocs/website/chat/chat_callback.php on line 16
[02-Sep-2019 14:09:57 UTC] PHP Notice:  Only variables should be passed by reference in /Applications/MAMP/htdocs/website/chat/chat_callback.php on line 16
