[26-Aug-2019 14:43:18 UTC] PHP Parse error:  syntax error, unexpected '<<' (T_SL) in /Applications/MAMP/htdocs/website/help/information/index.php on line 19
[27-Aug-2019 12:50:46 UTC] PHP Warning:  include(../../essentials.php): failed to open stream: No such file or directory in /Applications/MAMP/htdocs/website/help/information/index.php on line 7
[27-Aug-2019 12:50:46 UTC] PHP Warning:  include(): Failed opening '../../essentials.php' for inclusion (include_path='.:/Applications/MAMP/bin/php/php7.3.1/lib/php') in /Applications/MAMP/htdocs/website/help/information/index.php on line 7
[27-Aug-2019 12:50:46 UTC] PHP Warning:  include(../../dashboard_header.php): failed to open stream: No such file or directory in /Applications/MAMP/htdocs/website/help/information/index.php on line 8
[27-Aug-2019 12:50:46 UTC] PHP Warning:  include(): Failed opening '../../dashboard_header.php' for inclusion (include_path='.:/Applications/MAMP/bin/php/php7.3.1/lib/php') in /Applications/MAMP/htdocs/website/help/information/index.php on line 8
[27-Aug-2019 12:50:46 UTC] PHP Warning:  include(../../html_header.php): failed to open stream: No such file or directory in /Applications/MAMP/htdocs/website/help/information/index.php on line 9
[27-Aug-2019 12:50:46 UTC] PHP Warning:  include(): Failed opening '../../html_header.php' for inclusion (include_path='.:/Applications/MAMP/bin/php/php7.3.1/lib/php') in /Applications/MAMP/htdocs/website/help/information/index.php on line 9
[27-Aug-2019 12:50:46 UTC] PHP Fatal error:  Uncaught Error: Call to undefined function ShowHeader() in /Applications/MAMP/htdocs/website/help/information/index.php:14
Stack trace:
#0 {main}
  thrown in /Applications/MAMP/htdocs/website/help/information/index.php on line 14
[27-Aug-2019 12:59:37 UTC] PHP Warning:  include(../../essentials.php): failed to open stream: No such file or directory in /Applications/MAMP/htdocs/website/help/information/index.php on line 7
[27-Aug-2019 12:59:37 UTC] PHP Warning:  include(): Failed opening '../../essentials.php' for inclusion (include_path='.:/Applications/MAMP/bin/php/php7.3.1/lib/php') in /Applications/MAMP/htdocs/website/help/information/index.php on line 7
[27-Aug-2019 12:59:37 UTC] PHP Warning:  include(../../dashboard_header.php): failed to open stream: No such file or directory in /Applications/MAMP/htdocs/website/help/information/index.php on line 8
[27-Aug-2019 12:59:37 UTC] PHP Warning:  include(): Failed opening '../../dashboard_header.php' for inclusion (include_path='.:/Applications/MAMP/bin/php/php7.3.1/lib/php') in /Applications/MAMP/htdocs/website/help/information/index.php on line 8
[27-Aug-2019 12:59:37 UTC] PHP Warning:  include(../../html_header.php): failed to open stream: No such file or directory in /Applications/MAMP/htdocs/website/help/information/index.php on line 9
[27-Aug-2019 12:59:37 UTC] PHP Warning:  include(): Failed opening '../../html_header.php' for inclusion (include_path='.:/Applications/MAMP/bin/php/php7.3.1/lib/php') in /Applications/MAMP/htdocs/website/help/information/index.php on line 9
[27-Aug-2019 12:59:37 UTC] PHP Fatal error:  Uncaught Error: Call to undefined function ShowHeader() in /Applications/MAMP/htdocs/website/help/information/index.php:14
Stack trace:
#0 {main}
  thrown in /Applications/MAMP/htdocs/website/help/information/index.php on line 14
[27-Aug-2019 13:00:27 UTC] PHP Warning:  include(essentials/essentials.php): failed to open stream: No such file or directory in /Applications/MAMP/htdocs/website/help/information/index.php on line 7
[27-Aug-2019 13:00:27 UTC] PHP Warning:  include(): Failed opening 'essentials/essentials.php' for inclusion (include_path='.:/Applications/MAMP/bin/php/php7.3.1/lib/php') in /Applications/MAMP/htdocs/website/help/information/index.php on line 7
[27-Aug-2019 13:00:27 UTC] PHP Warning:  include(../../dashboard_header.php): failed to open stream: No such file or directory in /Applications/MAMP/htdocs/website/help/information/index.php on line 8
[27-Aug-2019 13:00:27 UTC] PHP Warning:  include(): Failed opening '../../dashboard_header.php' for inclusion (include_path='.:/Applications/MAMP/bin/php/php7.3.1/lib/php') in /Applications/MAMP/htdocs/website/help/information/index.php on line 8
[27-Aug-2019 13:00:27 UTC] PHP Warning:  include(../../html_header.php): failed to open stream: No such file or directory in /Applications/MAMP/htdocs/website/help/information/index.php on line 9
[27-Aug-2019 13:00:27 UTC] PHP Warning:  include(): Failed opening '../../html_header.php' for inclusion (include_path='.:/Applications/MAMP/bin/php/php7.3.1/lib/php') in /Applications/MAMP/htdocs/website/help/information/index.php on line 9
[27-Aug-2019 13:00:27 UTC] PHP Fatal error:  Uncaught Error: Call to undefined function ShowHeader() in /Applications/MAMP/htdocs/website/help/information/index.php:14
Stack trace:
#0 {main}
  thrown in /Applications/MAMP/htdocs/website/help/information/index.php on line 14
[27-Aug-2019 13:00:41 UTC] PHP Warning:  include(resources/config/config.php): failed to open stream: No such file or directory in /Applications/MAMP/htdocs/website/help/information/index.php on line 6
[27-Aug-2019 13:00:41 UTC] PHP Warning:  include(): Failed opening 'resources/config/config.php' for inclusion (include_path='.:/Applications/MAMP/bin/php/php7.3.1/lib/php') in /Applications/MAMP/htdocs/website/help/information/index.php on line 6
[27-Aug-2019 13:00:41 UTC] PHP Warning:  include(essentials/essentials.php): failed to open stream: No such file or directory in /Applications/MAMP/htdocs/website/help/information/index.php on line 7
[27-Aug-2019 13:00:41 UTC] PHP Warning:  include(): Failed opening 'essentials/essentials.php' for inclusion (include_path='.:/Applications/MAMP/bin/php/php7.3.1/lib/php') in /Applications/MAMP/htdocs/website/help/information/index.php on line 7
[27-Aug-2019 13:00:41 UTC] PHP Warning:  include(essentials/dashboard_header.php): failed to open stream: No such file or directory in /Applications/MAMP/htdocs/website/help/information/index.php on line 8
[27-Aug-2019 13:00:41 UTC] PHP Warning:  include(): Failed opening 'essentials/dashboard_header.php' for inclusion (include_path='.:/Applications/MAMP/bin/php/php7.3.1/lib/php') in /Applications/MAMP/htdocs/website/help/information/index.php on line 8
[27-Aug-2019 13:00:41 UTC] PHP Warning:  include(essentials/html_header.php): failed to open stream: No such file or directory in /Applications/MAMP/htdocs/website/help/information/index.php on line 9
[27-Aug-2019 13:00:41 UTC] PHP Warning:  include(): Failed opening 'essentials/html_header.php' for inclusion (include_path='.:/Applications/MAMP/bin/php/php7.3.1/lib/php') in /Applications/MAMP/htdocs/website/help/information/index.php on line 9
[27-Aug-2019 13:00:41 UTC] PHP Fatal error:  Uncaught Error: Call to undefined function ShowHeader() in /Applications/MAMP/htdocs/website/help/information/index.php:14
Stack trace:
#0 {main}
  thrown in /Applications/MAMP/htdocs/website/help/information/index.php on line 14
[27-Aug-2019 13:00:49 UTC] PHP Warning:  include(/website/resources/config/config.php): failed to open stream: No such file or directory in /Applications/MAMP/htdocs/website/help/information/index.php on line 6
[27-Aug-2019 13:00:49 UTC] PHP Warning:  include(): Failed opening '/website/resources/config/config.php' for inclusion (include_path='.:/Applications/MAMP/bin/php/php7.3.1/lib/php') in /Applications/MAMP/htdocs/website/help/information/index.php on line 6
[27-Aug-2019 13:00:49 UTC] PHP Warning:  include(essentials/essentials.php): failed to open stream: No such file or directory in /Applications/MAMP/htdocs/website/help/information/index.php on line 7
[27-Aug-2019 13:00:49 UTC] PHP Warning:  include(): Failed opening 'essentials/essentials.php' for inclusion (include_path='.:/Applications/MAMP/bin/php/php7.3.1/lib/php') in /Applications/MAMP/htdocs/website/help/information/index.php on line 7
[27-Aug-2019 13:00:49 UTC] PHP Warning:  include(essentials/dashboard_header.php): failed to open stream: No such file or directory in /Applications/MAMP/htdocs/website/help/information/index.php on line 8
[27-Aug-2019 13:00:49 UTC] PHP Warning:  include(): Failed opening 'essentials/dashboard_header.php' for inclusion (include_path='.:/Applications/MAMP/bin/php/php7.3.1/lib/php') in /Applications/MAMP/htdocs/website/help/information/index.php on line 8
[27-Aug-2019 13:00:49 UTC] PHP Warning:  include(essentials/html_header.php): failed to open stream: No such file or directory in /Applications/MAMP/htdocs/website/help/information/index.php on line 9
[27-Aug-2019 13:00:49 UTC] PHP Warning:  include(): Failed opening 'essentials/html_header.php' for inclusion (include_path='.:/Applications/MAMP/bin/php/php7.3.1/lib/php') in /Applications/MAMP/htdocs/website/help/information/index.php on line 9
[27-Aug-2019 13:00:49 UTC] PHP Fatal error:  Uncaught Error: Call to undefined function ShowHeader() in /Applications/MAMP/htdocs/website/help/information/index.php:14
Stack trace:
#0 {main}
  thrown in /Applications/MAMP/htdocs/website/help/information/index.php on line 14
[27-Aug-2019 13:00:50 UTC] PHP Warning:  include(/website/resources/config/config.php): failed to open stream: No such file or directory in /Applications/MAMP/htdocs/website/help/information/index.php on line 6
[27-Aug-2019 13:00:50 UTC] PHP Warning:  include(): Failed opening '/website/resources/config/config.php' for inclusion (include_path='.:/Applications/MAMP/bin/php/php7.3.1/lib/php') in /Applications/MAMP/htdocs/website/help/information/index.php on line 6
[27-Aug-2019 13:00:50 UTC] PHP Warning:  include(essentials/essentials.php): failed to open stream: No such file or directory in /Applications/MAMP/htdocs/website/help/information/index.php on line 7
[27-Aug-2019 13:00:50 UTC] PHP Warning:  include(): Failed opening 'essentials/essentials.php' for inclusion (include_path='.:/Applications/MAMP/bin/php/php7.3.1/lib/php') in /Applications/MAMP/htdocs/website/help/information/index.php on line 7
[27-Aug-2019 13:00:50 UTC] PHP Warning:  include(essentials/dashboard_header.php): failed to open stream: No such file or directory in /Applications/MAMP/htdocs/website/help/information/index.php on line 8
[27-Aug-2019 13:00:50 UTC] PHP Warning:  include(): Failed opening 'essentials/dashboard_header.php' for inclusion (include_path='.:/Applications/MAMP/bin/php/php7.3.1/lib/php') in /Applications/MAMP/htdocs/website/help/information/index.php on line 8
[27-Aug-2019 13:00:50 UTC] PHP Warning:  include(essentials/html_header.php): failed to open stream: No such file or directory in /Applications/MAMP/htdocs/website/help/information/index.php on line 9
[27-Aug-2019 13:00:50 UTC] PHP Warning:  include(): Failed opening 'essentials/html_header.php' for inclusion (include_path='.:/Applications/MAMP/bin/php/php7.3.1/lib/php') in /Applications/MAMP/htdocs/website/help/information/index.php on line 9
[27-Aug-2019 13:00:50 UTC] PHP Fatal error:  Uncaught Error: Call to undefined function ShowHeader() in /Applications/MAMP/htdocs/website/help/information/index.php:14
Stack trace:
#0 {main}
  thrown in /Applications/MAMP/htdocs/website/help/information/index.php on line 14
[27-Aug-2019 13:01:06 UTC] PHP Warning:  include(website/resources/config/config.php): failed to open stream: No such file or directory in /Applications/MAMP/htdocs/website/help/information/index.php on line 6
[27-Aug-2019 13:01:06 UTC] PHP Warning:  include(): Failed opening 'website/resources/config/config.php' for inclusion (include_path='.:/Applications/MAMP/bin/php/php7.3.1/lib/php') in /Applications/MAMP/htdocs/website/help/information/index.php on line 6
[27-Aug-2019 13:01:06 UTC] PHP Warning:  include(essentials/essentials.php): failed to open stream: No such file or directory in /Applications/MAMP/htdocs/website/help/information/index.php on line 7
[27-Aug-2019 13:01:06 UTC] PHP Warning:  include(): Failed opening 'essentials/essentials.php' for inclusion (include_path='.:/Applications/MAMP/bin/php/php7.3.1/lib/php') in /Applications/MAMP/htdocs/website/help/information/index.php on line 7
[27-Aug-2019 13:01:06 UTC] PHP Warning:  include(essentials/dashboard_header.php): failed to open stream: No such file or directory in /Applications/MAMP/htdocs/website/help/information/index.php on line 8
[27-Aug-2019 13:01:06 UTC] PHP Warning:  include(): Failed opening 'essentials/dashboard_header.php' for inclusion (include_path='.:/Applications/MAMP/bin/php/php7.3.1/lib/php') in /Applications/MAMP/htdocs/website/help/information/index.php on line 8
[27-Aug-2019 13:01:06 UTC] PHP Warning:  include(essentials/html_header.php): failed to open stream: No such file or directory in /Applications/MAMP/htdocs/website/help/information/index.php on line 9
[27-Aug-2019 13:01:06 UTC] PHP Warning:  include(): Failed opening 'essentials/html_header.php' for inclusion (include_path='.:/Applications/MAMP/bin/php/php7.3.1/lib/php') in /Applications/MAMP/htdocs/website/help/information/index.php on line 9
[27-Aug-2019 13:01:06 UTC] PHP Fatal error:  Uncaught Error: Call to undefined function ShowHeader() in /Applications/MAMP/htdocs/website/help/information/index.php:14
Stack trace:
#0 {main}
  thrown in /Applications/MAMP/htdocs/website/help/information/index.php on line 14
[27-Aug-2019 13:01:07 UTC] PHP Warning:  include(website/resources/config/config.php): failed to open stream: No such file or directory in /Applications/MAMP/htdocs/website/help/information/index.php on line 6
[27-Aug-2019 13:01:07 UTC] PHP Warning:  include(): Failed opening 'website/resources/config/config.php' for inclusion (include_path='.:/Applications/MAMP/bin/php/php7.3.1/lib/php') in /Applications/MAMP/htdocs/website/help/information/index.php on line 6
[27-Aug-2019 13:01:07 UTC] PHP Warning:  include(essentials/essentials.php): failed to open stream: No such file or directory in /Applications/MAMP/htdocs/website/help/information/index.php on line 7
[27-Aug-2019 13:01:07 UTC] PHP Warning:  include(): Failed opening 'essentials/essentials.php' for inclusion (include_path='.:/Applications/MAMP/bin/php/php7.3.1/lib/php') in /Applications/MAMP/htdocs/website/help/information/index.php on line 7
[27-Aug-2019 13:01:07 UTC] PHP Warning:  include(essentials/dashboard_header.php): failed to open stream: No such file or directory in /Applications/MAMP/htdocs/website/help/information/index.php on line 8
[27-Aug-2019 13:01:07 UTC] PHP Warning:  include(): Failed opening 'essentials/dashboard_header.php' for inclusion (include_path='.:/Applications/MAMP/bin/php/php7.3.1/lib/php') in /Applications/MAMP/htdocs/website/help/information/index.php on line 8
[27-Aug-2019 13:01:07 UTC] PHP Warning:  include(essentials/html_header.php): failed to open stream: No such file or directory in /Applications/MAMP/htdocs/website/help/information/index.php on line 9
[27-Aug-2019 13:01:07 UTC] PHP Warning:  include(): Failed opening 'essentials/html_header.php' for inclusion (include_path='.:/Applications/MAMP/bin/php/php7.3.1/lib/php') in /Applications/MAMP/htdocs/website/help/information/index.php on line 9
[27-Aug-2019 13:01:07 UTC] PHP Fatal error:  Uncaught Error: Call to undefined function ShowHeader() in /Applications/MAMP/htdocs/website/help/information/index.php:14
Stack trace:
#0 {main}
  thrown in /Applications/MAMP/htdocs/website/help/information/index.php on line 14
[27-Aug-2019 13:01:12 UTC] PHP Warning:  include(/resources/config/config.php): failed to open stream: No such file or directory in /Applications/MAMP/htdocs/website/help/information/index.php on line 6
[27-Aug-2019 13:01:12 UTC] PHP Warning:  include(): Failed opening '/resources/config/config.php' for inclusion (include_path='.:/Applications/MAMP/bin/php/php7.3.1/lib/php') in /Applications/MAMP/htdocs/website/help/information/index.php on line 6
[27-Aug-2019 13:01:12 UTC] PHP Warning:  include(essentials/essentials.php): failed to open stream: No such file or directory in /Applications/MAMP/htdocs/website/help/information/index.php on line 7
[27-Aug-2019 13:01:12 UTC] PHP Warning:  include(): Failed opening 'essentials/essentials.php' for inclusion (include_path='.:/Applications/MAMP/bin/php/php7.3.1/lib/php') in /Applications/MAMP/htdocs/website/help/information/index.php on line 7
[27-Aug-2019 13:01:12 UTC] PHP Warning:  include(essentials/dashboard_header.php): failed to open stream: No such file or directory in /Applications/MAMP/htdocs/website/help/information/index.php on line 8
[27-Aug-2019 13:01:12 UTC] PHP Warning:  include(): Failed opening 'essentials/dashboard_header.php' for inclusion (include_path='.:/Applications/MAMP/bin/php/php7.3.1/lib/php') in /Applications/MAMP/htdocs/website/help/information/index.php on line 8
[27-Aug-2019 13:01:12 UTC] PHP Warning:  include(essentials/html_header.php): failed to open stream: No such file or directory in /Applications/MAMP/htdocs/website/help/information/index.php on line 9
[27-Aug-2019 13:01:12 UTC] PHP Warning:  include(): Failed opening 'essentials/html_header.php' for inclusion (include_path='.:/Applications/MAMP/bin/php/php7.3.1/lib/php') in /Applications/MAMP/htdocs/website/help/information/index.php on line 9
[27-Aug-2019 13:01:12 UTC] PHP Fatal error:  Uncaught Error: Call to undefined function ShowHeader() in /Applications/MAMP/htdocs/website/help/information/index.php:14
Stack trace:
#0 {main}
  thrown in /Applications/MAMP/htdocs/website/help/information/index.php on line 14
[27-Aug-2019 13:01:12 UTC] PHP Warning:  include(/resources/config/config.php): failed to open stream: No such file or directory in /Applications/MAMP/htdocs/website/help/information/index.php on line 6
[27-Aug-2019 13:01:12 UTC] PHP Warning:  include(): Failed opening '/resources/config/config.php' for inclusion (include_path='.:/Applications/MAMP/bin/php/php7.3.1/lib/php') in /Applications/MAMP/htdocs/website/help/information/index.php on line 6
[27-Aug-2019 13:01:12 UTC] PHP Warning:  include(essentials/essentials.php): failed to open stream: No such file or directory in /Applications/MAMP/htdocs/website/help/information/index.php on line 7
[27-Aug-2019 13:01:12 UTC] PHP Warning:  include(): Failed opening 'essentials/essentials.php' for inclusion (include_path='.:/Applications/MAMP/bin/php/php7.3.1/lib/php') in /Applications/MAMP/htdocs/website/help/information/index.php on line 7
[27-Aug-2019 13:01:12 UTC] PHP Warning:  include(essentials/dashboard_header.php): failed to open stream: No such file or directory in /Applications/MAMP/htdocs/website/help/information/index.php on line 8
[27-Aug-2019 13:01:12 UTC] PHP Warning:  include(): Failed opening 'essentials/dashboard_header.php' for inclusion (include_path='.:/Applications/MAMP/bin/php/php7.3.1/lib/php') in /Applications/MAMP/htdocs/website/help/information/index.php on line 8
[27-Aug-2019 13:01:12 UTC] PHP Warning:  include(essentials/html_header.php): failed to open stream: No such file or directory in /Applications/MAMP/htdocs/website/help/information/index.php on line 9
[27-Aug-2019 13:01:12 UTC] PHP Warning:  include(): Failed opening 'essentials/html_header.php' for inclusion (include_path='.:/Applications/MAMP/bin/php/php7.3.1/lib/php') in /Applications/MAMP/htdocs/website/help/information/index.php on line 9
[27-Aug-2019 13:01:12 UTC] PHP Fatal error:  Uncaught Error: Call to undefined function ShowHeader() in /Applications/MAMP/htdocs/website/help/information/index.php:14
Stack trace:
#0 {main}
  thrown in /Applications/MAMP/htdocs/website/help/information/index.php on line 14
[27-Aug-2019 13:01:23 UTC] PHP Warning:  include(essentials/essentials.php): failed to open stream: No such file or directory in /Applications/MAMP/htdocs/website/help/information/index.php on line 7
[27-Aug-2019 13:01:23 UTC] PHP Warning:  include(): Failed opening 'essentials/essentials.php' for inclusion (include_path='.:/Applications/MAMP/bin/php/php7.3.1/lib/php') in /Applications/MAMP/htdocs/website/help/information/index.php on line 7
[27-Aug-2019 13:01:23 UTC] PHP Warning:  include(essentials/dashboard_header.php): failed to open stream: No such file or directory in /Applications/MAMP/htdocs/website/help/information/index.php on line 8
[27-Aug-2019 13:01:23 UTC] PHP Warning:  include(): Failed opening 'essentials/dashboard_header.php' for inclusion (include_path='.:/Applications/MAMP/bin/php/php7.3.1/lib/php') in /Applications/MAMP/htdocs/website/help/information/index.php on line 8
[27-Aug-2019 13:01:23 UTC] PHP Warning:  include(essentials/html_header.php): failed to open stream: No such file or directory in /Applications/MAMP/htdocs/website/help/information/index.php on line 9
[27-Aug-2019 13:01:23 UTC] PHP Warning:  include(): Failed opening 'essentials/html_header.php' for inclusion (include_path='.:/Applications/MAMP/bin/php/php7.3.1/lib/php') in /Applications/MAMP/htdocs/website/help/information/index.php on line 9
[27-Aug-2019 13:01:23 UTC] PHP Fatal error:  Uncaught Error: Call to undefined function ShowHeader() in /Applications/MAMP/htdocs/website/help/information/index.php:14
Stack trace:
#0 {main}
  thrown in /Applications/MAMP/htdocs/website/help/information/index.php on line 14
