[03-Sep-2019 16:10:37 UTC] PHP Notice:  Undefined variable: database in /Applications/MAMP/htdocs/website/essentials/image_upload_callback_silent.php on line 10
[03-Sep-2019 16:10:37 UTC] PHP Fatal error:  Uncaught Error: Call to a member function prepare() on null in /Applications/MAMP/htdocs/website/essentials/image_upload_callback_silent.php:10
Stack trace:
#0 {main}
  thrown in /Applications/MAMP/htdocs/website/essentials/image_upload_callback_silent.php on line 10
[03-Sep-2019 16:11:02 UTC] PHP Notice:  Undefined variable: database in /Applications/MAMP/htdocs/website/essentials/image_upload_callback_silent.php on line 10
[03-Sep-2019 16:11:02 UTC] PHP Fatal error:  Uncaught Error: Call to a member function prepare() on null in /Applications/MAMP/htdocs/website/essentials/image_upload_callback_silent.php:10
Stack trace:
#0 {main}
  thrown in /Applications/MAMP/htdocs/website/essentials/image_upload_callback_silent.php on line 10
[03-Sep-2019 16:11:07 UTC] PHP Notice:  Undefined variable: database in /Applications/MAMP/htdocs/website/essentials/image_upload_callback_silent.php on line 10
[03-Sep-2019 16:11:07 UTC] PHP Fatal error:  Uncaught Error: Call to a member function prepare() on null in /Applications/MAMP/htdocs/website/essentials/image_upload_callback_silent.php:10
Stack trace:
#0 {main}
  thrown in /Applications/MAMP/htdocs/website/essentials/image_upload_callback_silent.php on line 10
[03-Sep-2019 16:12:47 UTC] PHP Notice:  Undefined variable: _SESSION in /Applications/MAMP/htdocs/website/essentials/image_upload_callback_silent.php on line 3
[03-Sep-2019 16:12:47 UTC] PHP Notice:  Undefined variable: database in /Applications/MAMP/htdocs/website/essentials/image_upload_callback_silent.php on line 13
[03-Sep-2019 16:12:47 UTC] PHP Fatal error:  Uncaught Error: Call to a member function prepare() on null in /Applications/MAMP/htdocs/website/essentials/image_upload_callback_silent.php:13
Stack trace:
#0 {main}
  thrown in /Applications/MAMP/htdocs/website/essentials/image_upload_callback_silent.php on line 13
[03-Sep-2019 16:13:40 UTC] PHP Notice:  Undefined variable: _SESSION in /Applications/MAMP/htdocs/website/essentials/image_upload_callback_silent.php on line 3
[03-Sep-2019 16:13:40 UTC] PHP Notice:  Undefined variable: database in /Applications/MAMP/htdocs/website/essentials/image_upload_callback_silent.php on line 13
[03-Sep-2019 16:13:40 UTC] PHP Fatal error:  Uncaught Error: Call to a member function prepare() on null in /Applications/MAMP/htdocs/website/essentials/image_upload_callback_silent.php:13
Stack trace:
#0 {main}
  thrown in /Applications/MAMP/htdocs/website/essentials/image_upload_callback_silent.php on line 13
[03-Sep-2019 16:14:20 UTC] PHP Warning:  move_uploaded_file(../resources/images/chache/147.jpg): failed to open stream: No such file or directory in /Applications/MAMP/htdocs/website/essentials/image_upload_callback_silent.php on line 24
[03-Sep-2019 16:14:20 UTC] PHP Warning:  move_uploaded_file(): Unable to move '/private/var/folders/1j/t6br6lcd16g60mys6dgj2ftw0000gn/T/phpaJv4D2' to '../resources/images/chache/147.jpg' in /Applications/MAMP/htdocs/website/essentials/image_upload_callback_silent.php on line 24
[03-Sep-2019 16:15:09 UTC] PHP Fatal error:  Uncaught Error: Class 'resize' not found in /Applications/MAMP/htdocs/website/essentials/image_upload_callback_silent.php:32
Stack trace:
#0 {main}
  thrown in /Applications/MAMP/htdocs/website/essentials/image_upload_callback_silent.php on line 32
[03-Sep-2019 16:17:43 UTC] PHP Warning:  move_uploaded_file(/images/cache/149.jpg): failed to open stream: No such file or directory in /Applications/MAMP/htdocs/website/essentials/image_upload_callback_silent.php on line 26
[03-Sep-2019 16:17:43 UTC] PHP Warning:  move_uploaded_file(): Unable to move '/private/var/folders/1j/t6br6lcd16g60mys6dgj2ftw0000gn/T/phpbXRZ7S' to '/images/cache/149.jpg' in /Applications/MAMP/htdocs/website/essentials/image_upload_callback_silent.php on line 26
[03-Sep-2019 16:18:08 UTC] PHP Warning:  move_uploaded_file(images/cache/150.jpeg): failed to open stream: No such file or directory in /Applications/MAMP/htdocs/website/essentials/image_upload_callback_silent.php on line 26
[03-Sep-2019 16:18:08 UTC] PHP Warning:  move_uploaded_file(): Unable to move '/private/var/folders/1j/t6br6lcd16g60mys6dgj2ftw0000gn/T/phpyxgwMH' to 'images/cache/150.jpeg' in /Applications/MAMP/htdocs/website/essentials/image_upload_callback_silent.php on line 26
[03-Sep-2019 16:19:08 UTC] PHP Warning:  move_uploaded_file(resources/images/cache/151.jpg): failed to open stream: No such file or directory in /Applications/MAMP/htdocs/website/essentials/image_upload_callback_silent.php on line 26
[03-Sep-2019 16:19:08 UTC] PHP Warning:  move_uploaded_file(): Unable to move '/private/var/folders/1j/t6br6lcd16g60mys6dgj2ftw0000gn/T/phpbtwdgp' to 'resources/images/cache/151.jpg' in /Applications/MAMP/htdocs/website/essentials/image_upload_callback_silent.php on line 26
[03-Sep-2019 16:35:49 UTC] PHP Warning:  move_uploaded_file(resources/images/cache/163.jpeg): failed to open stream: No such file or directory in /Applications/MAMP/htdocs/website/essentials/image_upload_callback_silent.php on line 26
[03-Sep-2019 16:35:49 UTC] PHP Warning:  move_uploaded_file(): Unable to move '/private/var/folders/1j/t6br6lcd16g60mys6dgj2ftw0000gn/T/phpmsAOU4' to 'resources/images/cache/163.jpeg' in /Applications/MAMP/htdocs/website/essentials/image_upload_callback_silent.php on line 26
[03-Sep-2019 16:43:02 UTC] PHP Warning:  mysqli_stmt::bind_param(): Number of elements in type definition string doesn't match number of bind variables in /Applications/MAMP/htdocs/website/essentials/image_upload_callback_silent.php on line 17
[03-Sep-2019 17:30:13 UTC] PHP Fatal error:  Allowed memory size of 134217728 bytes exhausted (tried to allocate 24576 bytes) in /Applications/MAMP/htdocs/website/essentials/essentials.php on line 293
[03-Sep-2019 17:36:38 UTC] PHP Warning:  exif_read_data(): Unable to open file in /Applications/MAMP/htdocs/website/essentials/essentials.php on line 289
[03-Sep-2019 17:51:54 UTC] PHP Fatal error:  Allowed memory size of 134217728 bytes exhausted (tried to allocate 16384 bytes) in /Applications/MAMP/htdocs/website/essentials/essentials.php on line 309
[03-Sep-2019 17:53:09 UTC] PHP Warning:  imagejpeg(../): failed to open stream: Is a directory in /Applications/MAMP/htdocs/website/essentials/essentials.php on line 314
[03-Sep-2019 17:54:07 UTC] PHP Warning:  imagejpeg(../): failed to open stream: Is a directory in /Applications/MAMP/htdocs/website/essentials/essentials.php on line 314
[03-Sep-2019 17:56:04 UTC] PHP Warning:  imagejpeg(../): failed to open stream: Is a directory in /Applications/MAMP/htdocs/website/essentials/essentials.php on line 314
[03-Sep-2019 17:56:50 UTC] PHP Warning:  imagejpeg(../): failed to open stream: Is a directory in /Applications/MAMP/htdocs/website/essentials/essentials.php on line 314
[03-Sep-2019 17:57:26 UTC] PHP Warning:  exif_read_data(): Unable to open file in /Applications/MAMP/htdocs/website/essentials/essentials.php on line 289
[03-Sep-2019 17:57:56 UTC] PHP Warning:  exif_read_data(): Unable to open file in /Applications/MAMP/htdocs/website/essentials/essentials.php on line 289
[03-Sep-2019 18:00:42 UTC] PHP Warning:  exif_read_data(): Unable to open file in /Applications/MAMP/htdocs/website/essentials/essentials.php on line 289
[03-Sep-2019 18:01:29 UTC] PHP Warning:  exif_read_data(): Unable to open file in /Applications/MAMP/htdocs/website/essentials/essentials.php on line 289
[03-Sep-2019 18:02:39 UTC] PHP Warning:  imagejpeg(../): failed to open stream: Is a directory in /Applications/MAMP/htdocs/website/essentials/essentials.php on line 314
[06-Sep-2019 18:24:14 UTC] PHP Fatal error:  Uncaught Error: Using $this when not in object context in /Applications/MAMP/htdocs/website/essentials/image_upload_callback.php:26
Stack trace:
#0 {main}
  thrown in /Applications/MAMP/htdocs/website/essentials/image_upload_callback.php on line 26
[06-Sep-2019 18:28:15 UTC] PHP Warning:  imagecreatetruecolor() expects parameter 1 to be int, string given in /Applications/MAMP/htdocs/website/classes/resize-class.php on line 60
[06-Sep-2019 18:28:15 UTC] PHP Warning:  imagecopyresampled() expects parameter 1 to be resource, null given in /Applications/MAMP/htdocs/website/classes/resize-class.php on line 61
[06-Sep-2019 18:28:15 UTC] PHP Warning:  imagejpeg() expects parameter 1 to be resource, null given in /Applications/MAMP/htdocs/website/classes/resize-class.php on line 217
[06-Sep-2019 18:28:15 UTC] PHP Warning:  imagedestroy() expects parameter 1 to be resource, null given in /Applications/MAMP/htdocs/website/classes/resize-class.php on line 246
[06-Sep-2019 18:55:17 UTC] PHP Warning:  imagecreatetruecolor() expects parameter 1 to be int, string given in /Applications/MAMP/htdocs/website/classes/resize-class.php on line 60
[06-Sep-2019 18:55:17 UTC] PHP Warning:  imagecopyresampled() expects parameter 1 to be resource, null given in /Applications/MAMP/htdocs/website/classes/resize-class.php on line 61
[06-Sep-2019 18:55:17 UTC] PHP Warning:  imagejpeg() expects parameter 1 to be resource, null given in /Applications/MAMP/htdocs/website/classes/resize-class.php on line 217
[06-Sep-2019 18:55:17 UTC] PHP Warning:  imagedestroy() expects parameter 1 to be resource, null given in /Applications/MAMP/htdocs/website/classes/resize-class.php on line 246
[06-Sep-2019 18:57:25 UTC] PHP Warning:  imagecreatetruecolor(): Invalid image dimensions in /Applications/MAMP/htdocs/website/classes/resize-class.php on line 60
[06-Sep-2019 18:57:25 UTC] PHP Warning:  imagecopyresampled() expects parameter 1 to be resource, bool given in /Applications/MAMP/htdocs/website/classes/resize-class.php on line 61
[06-Sep-2019 18:57:25 UTC] PHP Warning:  imagejpeg() expects parameter 1 to be resource, bool given in /Applications/MAMP/htdocs/website/classes/resize-class.php on line 217
[06-Sep-2019 18:57:25 UTC] PHP Warning:  imagedestroy() expects parameter 1 to be resource, bool given in /Applications/MAMP/htdocs/website/classes/resize-class.php on line 246
[06-Sep-2019 18:58:26 UTC] PHP Warning:  imagecreatetruecolor(): Invalid image dimensions in /Applications/MAMP/htdocs/website/classes/resize-class.php on line 60
[06-Sep-2019 18:58:26 UTC] PHP Warning:  imagecopyresampled() expects parameter 1 to be resource, bool given in /Applications/MAMP/htdocs/website/classes/resize-class.php on line 61
[06-Sep-2019 18:58:26 UTC] PHP Warning:  imagejpeg() expects parameter 1 to be resource, bool given in /Applications/MAMP/htdocs/website/classes/resize-class.php on line 217
[06-Sep-2019 18:58:26 UTC] PHP Warning:  imagedestroy() expects parameter 1 to be resource, bool given in /Applications/MAMP/htdocs/website/classes/resize-class.php on line 246
[06-Sep-2019 18:59:12 UTC] PHP Warning:  imagecopyresampled() expects parameter 2 to be resource, null given in /Applications/MAMP/htdocs/website/classes/resize-class.php on line 61
[06-Sep-2019 18:59:12 UTC] PHP Warning:  imagejpeg(http://localhost:8888/website/resources/images/cache/137.jpg): failed to open stream: HTTP wrapper does not support writeable connections in /Applications/MAMP/htdocs/website/classes/resize-class.php on line 217
[06-Sep-2019 19:01:25 UTC] PHP Warning:  imagecopyresampled() expects parameter 2 to be resource, null given in /Applications/MAMP/htdocs/website/classes/resize-class.php on line 61
[06-Sep-2019 19:01:25 UTC] PHP Warning:  imagejpeg(http://localhost:8888/website/resources/images/cache/138.jpg): failed to open stream: HTTP wrapper does not support writeable connections in /Applications/MAMP/htdocs/website/classes/resize-class.php on line 217
[06-Sep-2019 19:03:30 UTC] PHP Warning:  imagejpeg(http://localhost:8888/website/resources/images/cache/139.jpg): failed to open stream: HTTP wrapper does not support writeable connections in /Applications/MAMP/htdocs/website/classes/resize-class.php on line 217
[06-Sep-2019 19:07:48 UTC] PHP Warning:  imagejpeg(http://localhost:8888/website/resources/images/cache/140.jpg): failed to open stream: HTTP wrapper does not support writeable connections in /Applications/MAMP/htdocs/website/classes/resize-class.php on line 217
[06-Sep-2019 19:17:18 UTC] PHP Notice:  Undefined variable: _SESSION in /Applications/MAMP/htdocs/website/essentials/image_upload_callback.php on line 9
[06-Sep-2019 19:17:18 UTC] PHP Notice:  Undefined variable: database in /Applications/MAMP/htdocs/website/essentials/image_upload_callback.php on line 26
[06-Sep-2019 19:17:18 UTC] PHP Fatal error:  Uncaught Error: Call to a member function prepare() on null in /Applications/MAMP/htdocs/website/essentials/image_upload_callback.php:26
Stack trace:
#0 {main}
  thrown in /Applications/MAMP/htdocs/website/essentials/image_upload_callback.php on line 26
