[26-Aug-2019 14:43:18 UTC] PHP Parse error:  syntax error, unexpected '<<' (T_SL) in /Applications/MAMP/htdocs/website/help/information/index.php on line 19
[27-Aug-2019 21:07:17 UTC] PHP Warning:  include(../../essentials.php): failed to open stream: No such file or directory in /Applications/MAMP/htdocs/website/help/setup/index.php on line 7
[27-Aug-2019 21:07:17 UTC] PHP Warning:  include(): Failed opening '../../essentials.php' for inclusion (include_path='.:/Applications/MAMP/bin/php/php7.3.1/lib/php') in /Applications/MAMP/htdocs/website/help/setup/index.php on line 7
[27-Aug-2019 21:07:17 UTC] PHP Warning:  include(../../dashboard_header.php): failed to open stream: No such file or directory in /Applications/MAMP/htdocs/website/help/setup/index.php on line 8
[27-Aug-2019 21:07:17 UTC] PHP Warning:  include(): Failed opening '../../dashboard_header.php' for inclusion (include_path='.:/Applications/MAMP/bin/php/php7.3.1/lib/php') in /Applications/MAMP/htdocs/website/help/setup/index.php on line 8
[27-Aug-2019 21:07:17 UTC] PHP Warning:  include(../../html_header.php): failed to open stream: No such file or directory in /Applications/MAMP/htdocs/website/help/setup/index.php on line 9
[27-Aug-2019 21:07:17 UTC] PHP Warning:  include(): Failed opening '../../html_header.php' for inclusion (include_path='.:/Applications/MAMP/bin/php/php7.3.1/lib/php') in /Applications/MAMP/htdocs/website/help/setup/index.php on line 9
[27-Aug-2019 21:07:17 UTC] PHP Fatal error:  Uncaught Error: Call to undefined function ShowHeader() in /Applications/MAMP/htdocs/website/help/setup/index.php:14
Stack trace:
#0 {main}
  thrown in /Applications/MAMP/htdocs/website/help/setup/index.php on line 14
[28-Aug-2019 14:26:42 UTC] PHP Warning:  include(../../essentials.php): failed to open stream: No such file or directory in /Applications/MAMP/htdocs/website/help/setup/index.php on line 7
[28-Aug-2019 14:26:42 UTC] PHP Warning:  include(): Failed opening '../../essentials.php' for inclusion (include_path='.:/Applications/MAMP/bin/php/php7.3.1/lib/php') in /Applications/MAMP/htdocs/website/help/setup/index.php on line 7
[28-Aug-2019 14:26:42 UTC] PHP Warning:  include(../../dashboard_header.php): failed to open stream: No such file or directory in /Applications/MAMP/htdocs/website/help/setup/index.php on line 8
[28-Aug-2019 14:26:42 UTC] PHP Warning:  include(): Failed opening '../../dashboard_header.php' for inclusion (include_path='.:/Applications/MAMP/bin/php/php7.3.1/lib/php') in /Applications/MAMP/htdocs/website/help/setup/index.php on line 8
[28-Aug-2019 14:26:42 UTC] PHP Warning:  include(../../html_header.php): failed to open stream: No such file or directory in /Applications/MAMP/htdocs/website/help/setup/index.php on line 9
[28-Aug-2019 14:26:42 UTC] PHP Warning:  include(): Failed opening '../../html_header.php' for inclusion (include_path='.:/Applications/MAMP/bin/php/php7.3.1/lib/php') in /Applications/MAMP/htdocs/website/help/setup/index.php on line 9
[28-Aug-2019 14:26:42 UTC] PHP Fatal error:  Uncaught Error: Call to undefined function ShowHeader() in /Applications/MAMP/htdocs/website/help/setup/index.php:14
Stack trace:
#0 {main}
  thrown in /Applications/MAMP/htdocs/website/help/setup/index.php on line 14
[28-Aug-2019 16:27:22 UTC] PHP Warning:  include(../../essentials.php): failed to open stream: No such file or directory in /Applications/MAMP/htdocs/website/help/setup/index.php on line 7
[28-Aug-2019 16:27:22 UTC] PHP Warning:  include(): Failed opening '../../essentials.php' for inclusion (include_path='.:/Applications/MAMP/bin/php/php7.3.1/lib/php') in /Applications/MAMP/htdocs/website/help/setup/index.php on line 7
[28-Aug-2019 16:27:22 UTC] PHP Warning:  include(../../dashboard_header.php): failed to open stream: No such file or directory in /Applications/MAMP/htdocs/website/help/setup/index.php on line 8
[28-Aug-2019 16:27:22 UTC] PHP Warning:  include(): Failed opening '../../dashboard_header.php' for inclusion (include_path='.:/Applications/MAMP/bin/php/php7.3.1/lib/php') in /Applications/MAMP/htdocs/website/help/setup/index.php on line 8
[28-Aug-2019 16:27:22 UTC] PHP Warning:  include(../../html_header.php): failed to open stream: No such file or directory in /Applications/MAMP/htdocs/website/help/setup/index.php on line 9
[28-Aug-2019 16:27:22 UTC] PHP Warning:  include(): Failed opening '../../html_header.php' for inclusion (include_path='.:/Applications/MAMP/bin/php/php7.3.1/lib/php') in /Applications/MAMP/htdocs/website/help/setup/index.php on line 9
[28-Aug-2019 16:27:22 UTC] PHP Fatal error:  Uncaught Error: Call to undefined function ShowHeader() in /Applications/MAMP/htdocs/website/help/setup/index.php:14
Stack trace:
#0 {main}
  thrown in /Applications/MAMP/htdocs/website/help/setup/index.php on line 14
[29-Aug-2019 15:34:38 UTC] PHP Warning:  include(../../essentials.php): failed to open stream: No such file or directory in /Applications/MAMP/htdocs/website/help/setup/index.php on line 7
[29-Aug-2019 15:34:38 UTC] PHP Warning:  include(): Failed opening '../../essentials.php' for inclusion (include_path='.:/Applications/MAMP/bin/php/php7.3.1/lib/php') in /Applications/MAMP/htdocs/website/help/setup/index.php on line 7
[29-Aug-2019 15:34:38 UTC] PHP Warning:  include(../../dashboard_header.php): failed to open stream: No such file or directory in /Applications/MAMP/htdocs/website/help/setup/index.php on line 8
[29-Aug-2019 15:34:38 UTC] PHP Warning:  include(): Failed opening '../../dashboard_header.php' for inclusion (include_path='.:/Applications/MAMP/bin/php/php7.3.1/lib/php') in /Applications/MAMP/htdocs/website/help/setup/index.php on line 8
[29-Aug-2019 15:34:38 UTC] PHP Warning:  include(../../html_header.php): failed to open stream: No such file or directory in /Applications/MAMP/htdocs/website/help/setup/index.php on line 9
[29-Aug-2019 15:34:38 UTC] PHP Warning:  include(): Failed opening '../../html_header.php' for inclusion (include_path='.:/Applications/MAMP/bin/php/php7.3.1/lib/php') in /Applications/MAMP/htdocs/website/help/setup/index.php on line 9
[29-Aug-2019 15:34:38 UTC] PHP Fatal error:  Uncaught Error: Call to undefined function ShowHeader() in /Applications/MAMP/htdocs/website/help/setup/index.php:14
Stack trace:
#0 {main}
  thrown in /Applications/MAMP/htdocs/website/help/setup/index.php on line 14
[29-Aug-2019 20:37:52 UTC] PHP Warning:  include(../../essentials.php): failed to open stream: No such file or directory in /Applications/MAMP/htdocs/website/help/setup/index.php on line 7
[29-Aug-2019 20:37:52 UTC] PHP Warning:  include(): Failed opening '../../essentials.php' for inclusion (include_path='.:/Applications/MAMP/bin/php/php7.3.1/lib/php') in /Applications/MAMP/htdocs/website/help/setup/index.php on line 7
[29-Aug-2019 20:37:52 UTC] PHP Warning:  include(../../dashboard_header.php): failed to open stream: No such file or directory in /Applications/MAMP/htdocs/website/help/setup/index.php on line 8
[29-Aug-2019 20:37:52 UTC] PHP Warning:  include(): Failed opening '../../dashboard_header.php' for inclusion (include_path='.:/Applications/MAMP/bin/php/php7.3.1/lib/php') in /Applications/MAMP/htdocs/website/help/setup/index.php on line 8
[29-Aug-2019 20:37:52 UTC] PHP Warning:  include(../../html_header.php): failed to open stream: No such file or directory in /Applications/MAMP/htdocs/website/help/setup/index.php on line 9
[29-Aug-2019 20:37:52 UTC] PHP Warning:  include(): Failed opening '../../html_header.php' for inclusion (include_path='.:/Applications/MAMP/bin/php/php7.3.1/lib/php') in /Applications/MAMP/htdocs/website/help/setup/index.php on line 9
[29-Aug-2019 20:37:52 UTC] PHP Fatal error:  Uncaught Error: Call to undefined function ShowHeader() in /Applications/MAMP/htdocs/website/help/setup/index.php:14
Stack trace:
#0 {main}
  thrown in /Applications/MAMP/htdocs/website/help/setup/index.php on line 14
[06-Sep-2019 19:55:57 UTC] PHP Warning:  include(../../essentials.php): failed to open stream: No such file or directory in /Applications/MAMP/htdocs/website/help/setup/index.php on line 7
[06-Sep-2019 19:55:57 UTC] PHP Warning:  include(): Failed opening '../../essentials.php' for inclusion (include_path='.:/Applications/MAMP/bin/php/php7.3.1/lib/php') in /Applications/MAMP/htdocs/website/help/setup/index.php on line 7
[06-Sep-2019 19:55:57 UTC] PHP Warning:  include(../../dashboard_header.php): failed to open stream: No such file or directory in /Applications/MAMP/htdocs/website/help/setup/index.php on line 8
[06-Sep-2019 19:55:57 UTC] PHP Warning:  include(): Failed opening '../../dashboard_header.php' for inclusion (include_path='.:/Applications/MAMP/bin/php/php7.3.1/lib/php') in /Applications/MAMP/htdocs/website/help/setup/index.php on line 8
[06-Sep-2019 19:55:57 UTC] PHP Warning:  include(../../html_header.php): failed to open stream: No such file or directory in /Applications/MAMP/htdocs/website/help/setup/index.php on line 9
[06-Sep-2019 19:55:57 UTC] PHP Warning:  include(): Failed opening '../../html_header.php' for inclusion (include_path='.:/Applications/MAMP/bin/php/php7.3.1/lib/php') in /Applications/MAMP/htdocs/website/help/setup/index.php on line 9
[06-Sep-2019 19:55:57 UTC] PHP Fatal error:  Uncaught Error: Call to undefined function ShowHeader() in /Applications/MAMP/htdocs/website/help/setup/index.php:14
Stack trace:
#0 {main}
  thrown in /Applications/MAMP/htdocs/website/help/setup/index.php on line 14
[06-Sep-2019 19:56:00 UTC] PHP Warning:  include(../../essentials.php): failed to open stream: No such file or directory in /Applications/MAMP/htdocs/website/help/setup/index.php on line 7
[06-Sep-2019 19:56:00 UTC] PHP Warning:  include(): Failed opening '../../essentials.php' for inclusion (include_path='.:/Applications/MAMP/bin/php/php7.3.1/lib/php') in /Applications/MAMP/htdocs/website/help/setup/index.php on line 7
[06-Sep-2019 19:56:00 UTC] PHP Warning:  include(../../dashboard_header.php): failed to open stream: No such file or directory in /Applications/MAMP/htdocs/website/help/setup/index.php on line 8
[06-Sep-2019 19:56:00 UTC] PHP Warning:  include(): Failed opening '../../dashboard_header.php' for inclusion (include_path='.:/Applications/MAMP/bin/php/php7.3.1/lib/php') in /Applications/MAMP/htdocs/website/help/setup/index.php on line 8
[06-Sep-2019 19:56:00 UTC] PHP Warning:  include(../../html_header.php): failed to open stream: No such file or directory in /Applications/MAMP/htdocs/website/help/setup/index.php on line 9
[06-Sep-2019 19:56:00 UTC] PHP Warning:  include(): Failed opening '../../html_header.php' for inclusion (include_path='.:/Applications/MAMP/bin/php/php7.3.1/lib/php') in /Applications/MAMP/htdocs/website/help/setup/index.php on line 9
[06-Sep-2019 19:56:00 UTC] PHP Fatal error:  Uncaught Error: Call to undefined function ShowHeader() in /Applications/MAMP/htdocs/website/help/setup/index.php:14
Stack trace:
#0 {main}
  thrown in /Applications/MAMP/htdocs/website/help/setup/index.php on line 14
[06-Sep-2019 19:56:02 UTC] PHP Warning:  include(../../essentials.php): failed to open stream: No such file or directory in /Applications/MAMP/htdocs/website/help/setup/index.php on line 7
[06-Sep-2019 19:56:02 UTC] PHP Warning:  include(): Failed opening '../../essentials.php' for inclusion (include_path='.:/Applications/MAMP/bin/php/php7.3.1/lib/php') in /Applications/MAMP/htdocs/website/help/setup/index.php on line 7
[06-Sep-2019 19:56:02 UTC] PHP Warning:  include(../../dashboard_header.php): failed to open stream: No such file or directory in /Applications/MAMP/htdocs/website/help/setup/index.php on line 8
[06-Sep-2019 19:56:02 UTC] PHP Warning:  include(): Failed opening '../../dashboard_header.php' for inclusion (include_path='.:/Applications/MAMP/bin/php/php7.3.1/lib/php') in /Applications/MAMP/htdocs/website/help/setup/index.php on line 8
[06-Sep-2019 19:56:02 UTC] PHP Warning:  include(../../html_header.php): failed to open stream: No such file or directory in /Applications/MAMP/htdocs/website/help/setup/index.php on line 9
[06-Sep-2019 19:56:02 UTC] PHP Warning:  include(): Failed opening '../../html_header.php' for inclusion (include_path='.:/Applications/MAMP/bin/php/php7.3.1/lib/php') in /Applications/MAMP/htdocs/website/help/setup/index.php on line 9
[06-Sep-2019 19:56:02 UTC] PHP Fatal error:  Uncaught Error: Call to undefined function ShowHeader() in /Applications/MAMP/htdocs/website/help/setup/index.php:14
Stack trace:
#0 {main}
  thrown in /Applications/MAMP/htdocs/website/help/setup/index.php on line 14
[06-Sep-2019 20:20:03 UTC] PHP Warning:  include(../../essentials.php): failed to open stream: No such file or directory in /Applications/MAMP/htdocs/website/help/setup/index.php on line 7
[06-Sep-2019 20:20:03 UTC] PHP Warning:  include(): Failed opening '../../essentials.php' for inclusion (include_path='.:/Applications/MAMP/bin/php/php7.3.1/lib/php') in /Applications/MAMP/htdocs/website/help/setup/index.php on line 7
[06-Sep-2019 20:20:03 UTC] PHP Warning:  include(../../dashboard_header.php): failed to open stream: No such file or directory in /Applications/MAMP/htdocs/website/help/setup/index.php on line 8
[06-Sep-2019 20:20:03 UTC] PHP Warning:  include(): Failed opening '../../dashboard_header.php' for inclusion (include_path='.:/Applications/MAMP/bin/php/php7.3.1/lib/php') in /Applications/MAMP/htdocs/website/help/setup/index.php on line 8
[06-Sep-2019 20:20:03 UTC] PHP Warning:  include(../../html_header.php): failed to open stream: No such file or directory in /Applications/MAMP/htdocs/website/help/setup/index.php on line 9
[06-Sep-2019 20:20:03 UTC] PHP Warning:  include(): Failed opening '../../html_header.php' for inclusion (include_path='.:/Applications/MAMP/bin/php/php7.3.1/lib/php') in /Applications/MAMP/htdocs/website/help/setup/index.php on line 9
[06-Sep-2019 20:20:03 UTC] PHP Fatal error:  Uncaught Error: Call to undefined function ShowHeader() in /Applications/MAMP/htdocs/website/help/setup/index.php:14
Stack trace:
#0 {main}
  thrown in /Applications/MAMP/htdocs/website/help/setup/index.php on line 14
[06-Sep-2019 20:20:15 UTC] PHP Warning:  include(../../essentials.php): failed to open stream: No such file or directory in /Applications/MAMP/htdocs/website/help/setup/index.php on line 7
[06-Sep-2019 20:20:15 UTC] PHP Warning:  include(): Failed opening '../../essentials.php' for inclusion (include_path='.:/Applications/MAMP/bin/php/php7.3.1/lib/php') in /Applications/MAMP/htdocs/website/help/setup/index.php on line 7
[06-Sep-2019 20:20:15 UTC] PHP Warning:  include(../../dashboard_header.php): failed to open stream: No such file or directory in /Applications/MAMP/htdocs/website/help/setup/index.php on line 8
[06-Sep-2019 20:20:15 UTC] PHP Warning:  include(): Failed opening '../../dashboard_header.php' for inclusion (include_path='.:/Applications/MAMP/bin/php/php7.3.1/lib/php') in /Applications/MAMP/htdocs/website/help/setup/index.php on line 8
[06-Sep-2019 20:20:15 UTC] PHP Warning:  include(../../html_header.php): failed to open stream: No such file or directory in /Applications/MAMP/htdocs/website/help/setup/index.php on line 9
[06-Sep-2019 20:20:15 UTC] PHP Warning:  include(): Failed opening '../../html_header.php' for inclusion (include_path='.:/Applications/MAMP/bin/php/php7.3.1/lib/php') in /Applications/MAMP/htdocs/website/help/setup/index.php on line 9
[06-Sep-2019 20:20:15 UTC] PHP Fatal error:  Uncaught Error: Call to undefined function ShowHeader() in /Applications/MAMP/htdocs/website/help/setup/index.php:14
Stack trace:
#0 {main}
  thrown in /Applications/MAMP/htdocs/website/help/setup/index.php on line 14
[07-Sep-2019 16:13:44 UTC] PHP Warning:  include(../../essentials.php): failed to open stream: No such file or directory in /Applications/MAMP/htdocs/website/help/setup/index.php on line 7
[07-Sep-2019 16:13:44 UTC] PHP Warning:  include(): Failed opening '../../essentials.php' for inclusion (include_path='.:/Applications/MAMP/bin/php/php7.3.1/lib/php') in /Applications/MAMP/htdocs/website/help/setup/index.php on line 7
[07-Sep-2019 16:13:44 UTC] PHP Warning:  include(../../dashboard_header.php): failed to open stream: No such file or directory in /Applications/MAMP/htdocs/website/help/setup/index.php on line 8
[07-Sep-2019 16:13:44 UTC] PHP Warning:  include(): Failed opening '../../dashboard_header.php' for inclusion (include_path='.:/Applications/MAMP/bin/php/php7.3.1/lib/php') in /Applications/MAMP/htdocs/website/help/setup/index.php on line 8
[07-Sep-2019 16:13:44 UTC] PHP Warning:  include(../../html_header.php): failed to open stream: No such file or directory in /Applications/MAMP/htdocs/website/help/setup/index.php on line 9
[07-Sep-2019 16:13:44 UTC] PHP Warning:  include(): Failed opening '../../html_header.php' for inclusion (include_path='.:/Applications/MAMP/bin/php/php7.3.1/lib/php') in /Applications/MAMP/htdocs/website/help/setup/index.php on line 9
[07-Sep-2019 16:13:44 UTC] PHP Fatal error:  Uncaught Error: Call to undefined function ShowHeader() in /Applications/MAMP/htdocs/website/help/setup/index.php:14
Stack trace:
#0 {main}
  thrown in /Applications/MAMP/htdocs/website/help/setup/index.php on line 14
