[27-Aug-2019 13:05:37 UTC] PHP Warning:  include(resources/config/config.php): failed to open stream: No such file or directory in /Applications/MAMP/htdocs/website/policies/index.php on line 2
[27-Aug-2019 13:05:37 UTC] PHP Warning:  include(): Failed opening 'resources/config/config.php' for inclusion (include_path='.:/Applications/MAMP/bin/php/php7.3.1/lib/php') in /Applications/MAMP/htdocs/website/policies/index.php on line 2
[27-Aug-2019 13:05:37 UTC] PHP Warning:  include(html_header.php): failed to open stream: No such file or directory in /Applications/MAMP/htdocs/website/policies/index.php on line 3
[27-Aug-2019 13:05:37 UTC] PHP Warning:  include(): Failed opening 'html_header.php' for inclusion (include_path='.:/Applications/MAMP/bin/php/php7.3.1/lib/php') in /Applications/MAMP/htdocs/website/policies/index.php on line 3
[27-Aug-2019 13:05:37 UTC] PHP Warning:  include(essentials.php): failed to open stream: No such file or directory in /Applications/MAMP/htdocs/website/policies/index.php on line 4
[27-Aug-2019 13:05:37 UTC] PHP Warning:  include(): Failed opening 'essentials.php' for inclusion (include_path='.:/Applications/MAMP/bin/php/php7.3.1/lib/php') in /Applications/MAMP/htdocs/website/policies/index.php on line 4
[27-Aug-2019 13:05:37 UTC] PHP Warning:  include(dashboard_header.php): failed to open stream: No such file or directory in /Applications/MAMP/htdocs/website/policies/index.php on line 5
[27-Aug-2019 13:05:37 UTC] PHP Warning:  include(): Failed opening 'dashboard_header.php' for inclusion (include_path='.:/Applications/MAMP/bin/php/php7.3.1/lib/php') in /Applications/MAMP/htdocs/website/policies/index.php on line 5
[27-Aug-2019 13:05:37 UTC] PHP Fatal error:  Uncaught Error: Call to undefined function ShowHeader() in /Applications/MAMP/htdocs/website/policies/index.php:8
Stack trace:
#0 {main}
  thrown in /Applications/MAMP/htdocs/website/policies/index.php on line 8
[27-Aug-2019 13:06:04 UTC] PHP Warning:  include(resources/config/config.php): failed to open stream: No such file or directory in /Applications/MAMP/htdocs/website/policies/index.php on line 2
[27-Aug-2019 13:06:04 UTC] PHP Warning:  include(): Failed opening 'resources/config/config.php' for inclusion (include_path='.:/Applications/MAMP/bin/php/php7.3.1/lib/php') in /Applications/MAMP/htdocs/website/policies/index.php on line 2
[27-Aug-2019 13:06:04 UTC] PHP Warning:  include(html_header.php): failed to open stream: No such file or directory in /Applications/MAMP/htdocs/website/policies/index.php on line 3
[27-Aug-2019 13:06:04 UTC] PHP Warning:  include(): Failed opening 'html_header.php' for inclusion (include_path='.:/Applications/MAMP/bin/php/php7.3.1/lib/php') in /Applications/MAMP/htdocs/website/policies/index.php on line 3
[27-Aug-2019 13:06:04 UTC] PHP Warning:  include(essentials.php): failed to open stream: No such file or directory in /Applications/MAMP/htdocs/website/policies/index.php on line 4
[27-Aug-2019 13:06:04 UTC] PHP Warning:  include(): Failed opening 'essentials.php' for inclusion (include_path='.:/Applications/MAMP/bin/php/php7.3.1/lib/php') in /Applications/MAMP/htdocs/website/policies/index.php on line 4
[27-Aug-2019 13:06:04 UTC] PHP Warning:  include(dashboard_header.php): failed to open stream: No such file or directory in /Applications/MAMP/htdocs/website/policies/index.php on line 5
[27-Aug-2019 13:06:04 UTC] PHP Warning:  include(): Failed opening 'dashboard_header.php' for inclusion (include_path='.:/Applications/MAMP/bin/php/php7.3.1/lib/php') in /Applications/MAMP/htdocs/website/policies/index.php on line 5
[27-Aug-2019 13:06:04 UTC] PHP Fatal error:  Uncaught Error: Call to undefined function ShowHeader() in /Applications/MAMP/htdocs/website/policies/index.php:8
Stack trace:
#0 {main}
  thrown in /Applications/MAMP/htdocs/website/policies/index.php on line 8
