[27-Aug-2019 14:22:07 UTC] PHP Warning:  include(session.php): failed to open stream: No such file or directory in /Applications/MAMP/htdocs/website/dashboard/index.php on line 2
[27-Aug-2019 14:22:07 UTC] PHP Warning:  include(): Failed opening 'session.php' for inclusion (include_path='.:/Applications/MAMP/bin/php/php7.3.1/lib/php') in /Applications/MAMP/htdocs/website/dashboard/index.php on line 2
[27-Aug-2019 14:22:07 UTC] PHP Warning:  include(html_header.php): failed to open stream: No such file or directory in /Applications/MAMP/htdocs/website/dashboard/index.php on line 3
[27-Aug-2019 14:22:07 UTC] PHP Warning:  include(): Failed opening 'html_header.php' for inclusion (include_path='.:/Applications/MAMP/bin/php/php7.3.1/lib/php') in /Applications/MAMP/htdocs/website/dashboard/index.php on line 3
[27-Aug-2019 14:22:07 UTC] PHP Warning:  include(dashboard_header.php): failed to open stream: No such file or directory in /Applications/MAMP/htdocs/website/dashboard/index.php on line 4
[27-Aug-2019 14:22:07 UTC] PHP Warning:  include(): Failed opening 'dashboard_header.php' for inclusion (include_path='.:/Applications/MAMP/bin/php/php7.3.1/lib/php') in /Applications/MAMP/htdocs/website/dashboard/index.php on line 4
[27-Aug-2019 14:22:07 UTC] PHP Fatal error:  Uncaught Error: Call to undefined function ShowHeader() in /Applications/MAMP/htdocs/website/dashboard/index.php:6
Stack trace:
#0 {main}
  thrown in /Applications/MAMP/htdocs/website/dashboard/index.php on line 6
[27-Aug-2019 14:55:09 UTC] PHP Warning:  include(session.php): failed to open stream: No such file or directory in /Applications/MAMP/htdocs/website/dashboard/user.php on line 2
[27-Aug-2019 14:55:09 UTC] PHP Warning:  include(): Failed opening 'session.php' for inclusion (include_path='.:/Applications/MAMP/bin/php/php7.3.1/lib/php') in /Applications/MAMP/htdocs/website/dashboard/user.php on line 2
[27-Aug-2019 14:55:09 UTC] PHP Warning:  include(html_header.php): failed to open stream: No such file or directory in /Applications/MAMP/htdocs/website/dashboard/user.php on line 3
[27-Aug-2019 14:55:09 UTC] PHP Warning:  include(): Failed opening 'html_header.php' for inclusion (include_path='.:/Applications/MAMP/bin/php/php7.3.1/lib/php') in /Applications/MAMP/htdocs/website/dashboard/user.php on line 3
[27-Aug-2019 14:55:09 UTC] PHP Warning:  include(dashboard_header.php): failed to open stream: No such file or directory in /Applications/MAMP/htdocs/website/dashboard/user.php on line 4
[27-Aug-2019 14:55:09 UTC] PHP Warning:  include(): Failed opening 'dashboard_header.php' for inclusion (include_path='.:/Applications/MAMP/bin/php/php7.3.1/lib/php') in /Applications/MAMP/htdocs/website/dashboard/user.php on line 4
[27-Aug-2019 14:55:09 UTC] PHP Notice:  Undefined variable: _SESSION in /Applications/MAMP/htdocs/website/dashboard/user.php on line 26
[27-Aug-2019 14:55:09 UTC] PHP Fatal error:  Uncaught Error: Call to undefined function GetUserName() in /Applications/MAMP/htdocs/website/dashboard/user.php:27
Stack trace:
#0 {main}
  thrown in /Applications/MAMP/htdocs/website/dashboard/user.php on line 27
[27-Aug-2019 15:19:29 UTC] PHP Warning:  include(session.php): failed to open stream: No such file or directory in /Applications/MAMP/htdocs/website/dashboard/user.php on line 2
[27-Aug-2019 15:19:29 UTC] PHP Warning:  include(): Failed opening 'session.php' for inclusion (include_path='.:/Applications/MAMP/bin/php/php7.3.1/lib/php') in /Applications/MAMP/htdocs/website/dashboard/user.php on line 2
[27-Aug-2019 15:19:29 UTC] PHP Warning:  include(html_header.php): failed to open stream: No such file or directory in /Applications/MAMP/htdocs/website/dashboard/user.php on line 3
[27-Aug-2019 15:19:29 UTC] PHP Warning:  include(): Failed opening 'html_header.php' for inclusion (include_path='.:/Applications/MAMP/bin/php/php7.3.1/lib/php') in /Applications/MAMP/htdocs/website/dashboard/user.php on line 3
[27-Aug-2019 15:19:29 UTC] PHP Warning:  include(dashboard_header.php): failed to open stream: No such file or directory in /Applications/MAMP/htdocs/website/dashboard/user.php on line 4
[27-Aug-2019 15:19:29 UTC] PHP Warning:  include(): Failed opening 'dashboard_header.php' for inclusion (include_path='.:/Applications/MAMP/bin/php/php7.3.1/lib/php') in /Applications/MAMP/htdocs/website/dashboard/user.php on line 4
[27-Aug-2019 15:19:29 UTC] PHP Notice:  Undefined variable: _SESSION in /Applications/MAMP/htdocs/website/dashboard/user.php on line 26
[27-Aug-2019 15:19:29 UTC] PHP Fatal error:  Uncaught Error: Call to undefined function GetUserName() in /Applications/MAMP/htdocs/website/dashboard/user.php:27
Stack trace:
#0 {main}
  thrown in /Applications/MAMP/htdocs/website/dashboard/user.php on line 27
[27-Aug-2019 15:41:13 UTC] PHP Parse error:  syntax error, unexpected '.' in /Applications/MAMP/htdocs/website/essentials/essentials.php on line 205
[27-Aug-2019 15:49:01 UTC] PHP Warning:  include(session.php): failed to open stream: No such file or directory in /Applications/MAMP/htdocs/website/dashboard/media.php on line 2
[27-Aug-2019 15:49:01 UTC] PHP Warning:  include(): Failed opening 'session.php' for inclusion (include_path='.:/Applications/MAMP/bin/php/php7.3.1/lib/php') in /Applications/MAMP/htdocs/website/dashboard/media.php on line 2
[27-Aug-2019 15:49:01 UTC] PHP Warning:  include(html_header.php): failed to open stream: No such file or directory in /Applications/MAMP/htdocs/website/dashboard/media.php on line 3
[27-Aug-2019 15:49:01 UTC] PHP Warning:  include(): Failed opening 'html_header.php' for inclusion (include_path='.:/Applications/MAMP/bin/php/php7.3.1/lib/php') in /Applications/MAMP/htdocs/website/dashboard/media.php on line 3
[27-Aug-2019 15:49:01 UTC] PHP Warning:  include(dashboard_header.php): failed to open stream: No such file or directory in /Applications/MAMP/htdocs/website/dashboard/media.php on line 4
[27-Aug-2019 15:49:01 UTC] PHP Warning:  include(): Failed opening 'dashboard_header.php' for inclusion (include_path='.:/Applications/MAMP/bin/php/php7.3.1/lib/php') in /Applications/MAMP/htdocs/website/dashboard/media.php on line 4
[27-Aug-2019 15:49:01 UTC] PHP Fatal error:  Uncaught Error: Call to undefined function ShowHeader() in /Applications/MAMP/htdocs/website/dashboard/media.php:6
Stack trace:
#0 {main}
  thrown in /Applications/MAMP/htdocs/website/dashboard/media.php on line 6
[27-Aug-2019 15:57:03 UTC] PHP Warning:  include(session.php): failed to open stream: No such file or directory in /Applications/MAMP/htdocs/website/dashboard/like_callback.php on line 2
[27-Aug-2019 15:57:03 UTC] PHP Warning:  include(): Failed opening 'session.php' for inclusion (include_path='.:/Applications/MAMP/bin/php/php7.3.1/lib/php') in /Applications/MAMP/htdocs/website/dashboard/like_callback.php on line 2
[27-Aug-2019 15:57:03 UTC] PHP Notice:  Undefined variable: database in /Applications/MAMP/htdocs/website/dashboard/like_callback.php on line 12
[27-Aug-2019 15:57:03 UTC] PHP Fatal error:  Uncaught Error: Call to a member function prepare() on null in /Applications/MAMP/htdocs/website/dashboard/like_callback.php:12
Stack trace:
#0 {main}
  thrown in /Applications/MAMP/htdocs/website/dashboard/like_callback.php on line 12
[27-Aug-2019 15:57:03 UTC] PHP Warning:  include(session.php): failed to open stream: No such file or directory in /Applications/MAMP/htdocs/website/dashboard/element_information_callback.php on line 2
[27-Aug-2019 15:57:03 UTC] PHP Warning:  include(): Failed opening 'session.php' for inclusion (include_path='.:/Applications/MAMP/bin/php/php7.3.1/lib/php') in /Applications/MAMP/htdocs/website/dashboard/element_information_callback.php on line 2
[27-Aug-2019 15:57:03 UTC] PHP Fatal error:  Uncaught Error: Call to undefined function DisplayElementInformationVertical() in /Applications/MAMP/htdocs/website/dashboard/element_information_callback.php:18
Stack trace:
#0 {main}
  thrown in /Applications/MAMP/htdocs/website/dashboard/element_information_callback.php on line 18
[27-Aug-2019 15:57:22 UTC] PHP Warning:  include(session.php): failed to open stream: No such file or directory in /Applications/MAMP/htdocs/website/dashboard/like_callback.php on line 2
[27-Aug-2019 15:57:22 UTC] PHP Warning:  include(): Failed opening 'session.php' for inclusion (include_path='.:/Applications/MAMP/bin/php/php7.3.1/lib/php') in /Applications/MAMP/htdocs/website/dashboard/like_callback.php on line 2
[27-Aug-2019 15:57:22 UTC] PHP Notice:  Undefined variable: database in /Applications/MAMP/htdocs/website/dashboard/like_callback.php on line 12
[27-Aug-2019 15:57:22 UTC] PHP Fatal error:  Uncaught Error: Call to a member function prepare() on null in /Applications/MAMP/htdocs/website/dashboard/like_callback.php:12
Stack trace:
#0 {main}
  thrown in /Applications/MAMP/htdocs/website/dashboard/like_callback.php on line 12
[27-Aug-2019 15:57:32 UTC] PHP Warning:  include(session.php): failed to open stream: No such file or directory in /Applications/MAMP/htdocs/website/dashboard/like_callback.php on line 2
[27-Aug-2019 15:57:32 UTC] PHP Warning:  include(): Failed opening 'session.php' for inclusion (include_path='.:/Applications/MAMP/bin/php/php7.3.1/lib/php') in /Applications/MAMP/htdocs/website/dashboard/like_callback.php on line 2
[27-Aug-2019 15:57:32 UTC] PHP Notice:  Undefined variable: database in /Applications/MAMP/htdocs/website/dashboard/like_callback.php on line 12
[27-Aug-2019 15:57:33 UTC] PHP Fatal error:  Uncaught Error: Call to a member function prepare() on null in /Applications/MAMP/htdocs/website/dashboard/like_callback.php:12
Stack trace:
#0 {main}
  thrown in /Applications/MAMP/htdocs/website/dashboard/like_callback.php on line 12
[27-Aug-2019 15:57:35 UTC] PHP Warning:  include(session.php): failed to open stream: No such file or directory in /Applications/MAMP/htdocs/website/dashboard/like_callback.php on line 2
[27-Aug-2019 15:57:35 UTC] PHP Warning:  include(): Failed opening 'session.php' for inclusion (include_path='.:/Applications/MAMP/bin/php/php7.3.1/lib/php') in /Applications/MAMP/htdocs/website/dashboard/like_callback.php on line 2
[27-Aug-2019 15:57:35 UTC] PHP Notice:  Undefined variable: database in /Applications/MAMP/htdocs/website/dashboard/like_callback.php on line 12
[27-Aug-2019 15:57:35 UTC] PHP Fatal error:  Uncaught Error: Call to a member function prepare() on null in /Applications/MAMP/htdocs/website/dashboard/like_callback.php:12
Stack trace:
#0 {main}
  thrown in /Applications/MAMP/htdocs/website/dashboard/like_callback.php on line 12
[27-Aug-2019 15:57:35 UTC] PHP Warning:  include(session.php): failed to open stream: No such file or directory in /Applications/MAMP/htdocs/website/dashboard/like_callback.php on line 2
[27-Aug-2019 15:57:35 UTC] PHP Warning:  include(): Failed opening 'session.php' for inclusion (include_path='.:/Applications/MAMP/bin/php/php7.3.1/lib/php') in /Applications/MAMP/htdocs/website/dashboard/like_callback.php on line 2
[27-Aug-2019 15:57:35 UTC] PHP Notice:  Undefined variable: database in /Applications/MAMP/htdocs/website/dashboard/like_callback.php on line 12
[27-Aug-2019 15:57:35 UTC] PHP Fatal error:  Uncaught Error: Call to a member function prepare() on null in /Applications/MAMP/htdocs/website/dashboard/like_callback.php:12
Stack trace:
#0 {main}
  thrown in /Applications/MAMP/htdocs/website/dashboard/like_callback.php on line 12
[27-Aug-2019 15:57:36 UTC] PHP Warning:  include(session.php): failed to open stream: No such file or directory in /Applications/MAMP/htdocs/website/dashboard/like_callback.php on line 2
[27-Aug-2019 15:57:36 UTC] PHP Warning:  include(): Failed opening 'session.php' for inclusion (include_path='.:/Applications/MAMP/bin/php/php7.3.1/lib/php') in /Applications/MAMP/htdocs/website/dashboard/like_callback.php on line 2
[27-Aug-2019 15:57:36 UTC] PHP Notice:  Undefined variable: database in /Applications/MAMP/htdocs/website/dashboard/like_callback.php on line 12
[27-Aug-2019 15:57:36 UTC] PHP Fatal error:  Uncaught Error: Call to a member function prepare() on null in /Applications/MAMP/htdocs/website/dashboard/like_callback.php:12
Stack trace:
#0 {main}
  thrown in /Applications/MAMP/htdocs/website/dashboard/like_callback.php on line 12
[27-Aug-2019 15:57:36 UTC] PHP Warning:  include(session.php): failed to open stream: No such file or directory in /Applications/MAMP/htdocs/website/dashboard/like_callback.php on line 2
[27-Aug-2019 15:57:36 UTC] PHP Warning:  include(): Failed opening 'session.php' for inclusion (include_path='.:/Applications/MAMP/bin/php/php7.3.1/lib/php') in /Applications/MAMP/htdocs/website/dashboard/like_callback.php on line 2
[27-Aug-2019 15:57:36 UTC] PHP Notice:  Undefined variable: database in /Applications/MAMP/htdocs/website/dashboard/like_callback.php on line 12
[27-Aug-2019 15:57:36 UTC] PHP Fatal error:  Uncaught Error: Call to a member function prepare() on null in /Applications/MAMP/htdocs/website/dashboard/like_callback.php:12
Stack trace:
#0 {main}
  thrown in /Applications/MAMP/htdocs/website/dashboard/like_callback.php on line 12
[27-Aug-2019 15:57:46 UTC] PHP Warning:  include(session.php): failed to open stream: No such file or directory in /Applications/MAMP/htdocs/website/dashboard/comment_callback.php on line 2
[27-Aug-2019 15:57:46 UTC] PHP Warning:  include(): Failed opening 'session.php' for inclusion (include_path='.:/Applications/MAMP/bin/php/php7.3.1/lib/php') in /Applications/MAMP/htdocs/website/dashboard/comment_callback.php on line 2
[27-Aug-2019 15:57:46 UTC] PHP Notice:  Undefined variable: database in /Applications/MAMP/htdocs/website/dashboard/comment_callback.php on line 11
[27-Aug-2019 15:57:46 UTC] PHP Fatal error:  Uncaught Error: Call to a member function prepare() on null in /Applications/MAMP/htdocs/website/dashboard/comment_callback.php:11
Stack trace:
#0 {main}
  thrown in /Applications/MAMP/htdocs/website/dashboard/comment_callback.php on line 11
[27-Aug-2019 15:58:52 UTC] PHP Warning:  include(session.php): failed to open stream: No such file or directory in /Applications/MAMP/htdocs/website/dashboard/like_callback.php on line 2
[27-Aug-2019 15:58:52 UTC] PHP Warning:  include(): Failed opening 'session.php' for inclusion (include_path='.:/Applications/MAMP/bin/php/php7.3.1/lib/php') in /Applications/MAMP/htdocs/website/dashboard/like_callback.php on line 2
[27-Aug-2019 15:58:52 UTC] PHP Notice:  Undefined variable: database in /Applications/MAMP/htdocs/website/dashboard/like_callback.php on line 12
[27-Aug-2019 15:58:52 UTC] PHP Fatal error:  Uncaught Error: Call to a member function prepare() on null in /Applications/MAMP/htdocs/website/dashboard/like_callback.php:12
Stack trace:
#0 {main}
  thrown in /Applications/MAMP/htdocs/website/dashboard/like_callback.php on line 12
[27-Aug-2019 15:59:01 UTC] PHP Warning:  include(session.php): failed to open stream: No such file or directory in /Applications/MAMP/htdocs/website/dashboard/like_callback.php on line 2
[27-Aug-2019 15:59:01 UTC] PHP Warning:  include(): Failed opening 'session.php' for inclusion (include_path='.:/Applications/MAMP/bin/php/php7.3.1/lib/php') in /Applications/MAMP/htdocs/website/dashboard/like_callback.php on line 2
[27-Aug-2019 15:59:01 UTC] PHP Notice:  Undefined variable: database in /Applications/MAMP/htdocs/website/dashboard/like_callback.php on line 12
[27-Aug-2019 15:59:01 UTC] PHP Fatal error:  Uncaught Error: Call to a member function prepare() on null in /Applications/MAMP/htdocs/website/dashboard/like_callback.php:12
Stack trace:
#0 {main}
  thrown in /Applications/MAMP/htdocs/website/dashboard/like_callback.php on line 12
[27-Aug-2019 15:59:03 UTC] PHP Warning:  include(session.php): failed to open stream: No such file or directory in /Applications/MAMP/htdocs/website/dashboard/like_callback.php on line 2
[27-Aug-2019 15:59:03 UTC] PHP Warning:  include(): Failed opening 'session.php' for inclusion (include_path='.:/Applications/MAMP/bin/php/php7.3.1/lib/php') in /Applications/MAMP/htdocs/website/dashboard/like_callback.php on line 2
[27-Aug-2019 15:59:03 UTC] PHP Notice:  Undefined variable: database in /Applications/MAMP/htdocs/website/dashboard/like_callback.php on line 12
[27-Aug-2019 15:59:03 UTC] PHP Fatal error:  Uncaught Error: Call to a member function prepare() on null in /Applications/MAMP/htdocs/website/dashboard/like_callback.php:12
Stack trace:
#0 {main}
  thrown in /Applications/MAMP/htdocs/website/dashboard/like_callback.php on line 12
[27-Aug-2019 15:59:06 UTC] PHP Warning:  include(session.php): failed to open stream: No such file or directory in /Applications/MAMP/htdocs/website/dashboard/like_callback.php on line 2
[27-Aug-2019 15:59:06 UTC] PHP Warning:  include(): Failed opening 'session.php' for inclusion (include_path='.:/Applications/MAMP/bin/php/php7.3.1/lib/php') in /Applications/MAMP/htdocs/website/dashboard/like_callback.php on line 2
[27-Aug-2019 15:59:06 UTC] PHP Notice:  Undefined variable: database in /Applications/MAMP/htdocs/website/dashboard/like_callback.php on line 12
[27-Aug-2019 15:59:06 UTC] PHP Fatal error:  Uncaught Error: Call to a member function prepare() on null in /Applications/MAMP/htdocs/website/dashboard/like_callback.php:12
Stack trace:
#0 {main}
  thrown in /Applications/MAMP/htdocs/website/dashboard/like_callback.php on line 12
[27-Aug-2019 21:30:29 UTC] PHP Fatal error:  Cannot redeclare MakeDayOption() (previously declared in /Applications/MAMP/htdocs/website/essentials/essentials.php:6) in /Applications/MAMP/htdocs/website/essentials/essentials.php on line 15
[28-Aug-2019 16:06:11 UTC] PHP Fatal error:  Cannot redeclare MakeDayOption() (previously declared in /Applications/MAMP/htdocs/website/essentials/essentials.php:6) in /Applications/MAMP/htdocs/website/essentials/essentials.php on line 15
[28-Aug-2019 16:54:49 UTC] PHP Parse error:  syntax error, unexpected '$cUserName' (T_VARIABLE) in /Applications/MAMP/htdocs/website/dashboard/index.php on line 9
[28-Aug-2019 16:54:50 UTC] PHP Parse error:  syntax error, unexpected '$cUserName' (T_VARIABLE) in /Applications/MAMP/htdocs/website/dashboard/index.php on line 9
[28-Aug-2019 17:00:39 UTC] PHP Parse error:  syntax error, unexpected end of file in /Applications/MAMP/htdocs/website/dashboard/index.php on line 97
[28-Aug-2019 17:00:40 UTC] PHP Parse error:  syntax error, unexpected end of file in /Applications/MAMP/htdocs/website/dashboard/index.php on line 97
[28-Aug-2019 17:00:56 UTC] PHP Parse error:  syntax error, unexpected end of file in /Applications/MAMP/htdocs/website/dashboard/index.php on line 97
[28-Aug-2019 17:01:12 UTC] PHP Notice:  Undefined index: name in /Applications/MAMP/htdocs/website/essentials/essentials.php on line 511
[28-Aug-2019 17:01:12 UTC] PHP Notice:  Undefined variable: following in /Applications/MAMP/htdocs/website/essentials/essentials.php on line 542
[28-Aug-2019 17:01:12 UTC] PHP Notice:  Undefined index: name in /Applications/MAMP/htdocs/website/essentials/essentials.php on line 511
[28-Aug-2019 17:01:12 UTC] PHP Notice:  Undefined variable: following in /Applications/MAMP/htdocs/website/essentials/essentials.php on line 542
[28-Aug-2019 17:01:12 UTC] PHP Notice:  Undefined index: name in /Applications/MAMP/htdocs/website/essentials/essentials.php on line 511
[28-Aug-2019 17:01:12 UTC] PHP Notice:  Undefined variable: following in /Applications/MAMP/htdocs/website/essentials/essentials.php on line 542
[28-Aug-2019 17:03:27 UTC] PHP Notice:  Undefined variable: cUsername in /Applications/MAMP/htdocs/website/essentials/essentials.php on line 555
[28-Aug-2019 17:03:27 UTC] PHP Notice:  Undefined variable: cUsername in /Applications/MAMP/htdocs/website/essentials/essentials.php on line 555
[28-Aug-2019 17:03:27 UTC] PHP Notice:  Undefined variable: cUsername in /Applications/MAMP/htdocs/website/essentials/essentials.php on line 555
[28-Aug-2019 17:03:27 UTC] PHP Notice:  Undefined variable: cUsername in /Applications/MAMP/htdocs/website/essentials/essentials.php on line 555
[28-Aug-2019 17:03:27 UTC] PHP Notice:  Undefined variable: cUsername in /Applications/MAMP/htdocs/website/essentials/essentials.php on line 555
[28-Aug-2019 17:03:27 UTC] PHP Notice:  Undefined variable: cUsername in /Applications/MAMP/htdocs/website/essentials/essentials.php on line 555
[28-Aug-2019 17:03:29 UTC] PHP Notice:  Undefined variable: cUsername in /Applications/MAMP/htdocs/website/essentials/essentials.php on line 555
[28-Aug-2019 17:03:29 UTC] PHP Notice:  Undefined variable: cUsername in /Applications/MAMP/htdocs/website/essentials/essentials.php on line 555
[28-Aug-2019 17:03:29 UTC] PHP Notice:  Undefined variable: cUsername in /Applications/MAMP/htdocs/website/essentials/essentials.php on line 555
[28-Aug-2019 17:03:29 UTC] PHP Notice:  Undefined variable: cUsername in /Applications/MAMP/htdocs/website/essentials/essentials.php on line 555
[28-Aug-2019 17:03:29 UTC] PHP Notice:  Undefined variable: cUsername in /Applications/MAMP/htdocs/website/essentials/essentials.php on line 555
[28-Aug-2019 17:03:29 UTC] PHP Notice:  Undefined variable: cUsername in /Applications/MAMP/htdocs/website/essentials/essentials.php on line 555
[28-Aug-2019 17:03:30 UTC] PHP Notice:  Undefined variable: cUsername in /Applications/MAMP/htdocs/website/essentials/essentials.php on line 555
[28-Aug-2019 17:03:30 UTC] PHP Notice:  Undefined variable: cUsername in /Applications/MAMP/htdocs/website/essentials/essentials.php on line 555
[28-Aug-2019 17:03:30 UTC] PHP Notice:  Undefined variable: cUsername in /Applications/MAMP/htdocs/website/essentials/essentials.php on line 555
[28-Aug-2019 17:03:30 UTC] PHP Notice:  Undefined variable: cUsername in /Applications/MAMP/htdocs/website/essentials/essentials.php on line 555
[28-Aug-2019 17:03:30 UTC] PHP Notice:  Undefined variable: cUsername in /Applications/MAMP/htdocs/website/essentials/essentials.php on line 555
[28-Aug-2019 17:03:30 UTC] PHP Notice:  Undefined variable: cUsername in /Applications/MAMP/htdocs/website/essentials/essentials.php on line 555
[28-Aug-2019 17:03:31 UTC] PHP Notice:  Undefined variable: cUsername in /Applications/MAMP/htdocs/website/essentials/essentials.php on line 555
[28-Aug-2019 17:03:31 UTC] PHP Notice:  Undefined variable: cUsername in /Applications/MAMP/htdocs/website/essentials/essentials.php on line 555
[28-Aug-2019 17:03:31 UTC] PHP Notice:  Undefined variable: cUsername in /Applications/MAMP/htdocs/website/essentials/essentials.php on line 555
[28-Aug-2019 17:03:31 UTC] PHP Notice:  Undefined variable: cUsername in /Applications/MAMP/htdocs/website/essentials/essentials.php on line 555
[28-Aug-2019 17:03:31 UTC] PHP Notice:  Undefined variable: cUsername in /Applications/MAMP/htdocs/website/essentials/essentials.php on line 555
[28-Aug-2019 17:03:31 UTC] PHP Notice:  Undefined variable: cUsername in /Applications/MAMP/htdocs/website/essentials/essentials.php on line 555
[28-Aug-2019 18:07:15 UTC] PHP Notice:  Undefined variable: cUserName in /Applications/MAMP/htdocs/website/essentials/essentials.php on line 225
[28-Aug-2019 18:07:15 UTC] PHP Notice:  Undefined variable: cUserName in /Applications/MAMP/htdocs/website/essentials/essentials.php on line 225
[28-Aug-2019 18:07:15 UTC] PHP Notice:  Undefined variable: cUserName in /Applications/MAMP/htdocs/website/essentials/essentials.php on line 225
[28-Aug-2019 18:07:16 UTC] PHP Notice:  Undefined variable: cUserName in /Applications/MAMP/htdocs/website/essentials/essentials.php on line 225
[28-Aug-2019 18:07:16 UTC] PHP Notice:  Undefined variable: cUserName in /Applications/MAMP/htdocs/website/essentials/essentials.php on line 225
[28-Aug-2019 18:07:16 UTC] PHP Notice:  Undefined variable: cUserName in /Applications/MAMP/htdocs/website/essentials/essentials.php on line 225
[29-Aug-2019 22:54:01 UTC] PHP Notice:  Undefined index: username in /Applications/MAMP/htdocs/website/essentials/essentials.php on line 775
[29-Aug-2019 22:55:32 UTC] PHP Notice:  Undefined index: username in /Applications/MAMP/htdocs/website/essentials/essentials.php on line 775
[01-Sep-2019 17:33:20 UTC] PHP Notice:  Undefined variable: Following in /Applications/MAMP/htdocs/website/dashboard/user_modal_callback.php on line 51
[01-Sep-2019 17:33:20 UTC] PHP Warning:  Invalid argument supplied for foreach() in /Applications/MAMP/htdocs/website/essentials/essentials.php on line 555
[01-Sep-2019 19:27:47 UTC] PHP Warning:  mysqli_stmt::bind_param(): Number of elements in type definition string doesn't match number of bind variables in /Applications/MAMP/htdocs/website/dashboard/search_callback.php on line 12
[01-Sep-2019 19:27:47 UTC] PHP Warning:  mysqli_fetch_all() expects parameter 1 to be mysqli_result, bool given in /Applications/MAMP/htdocs/website/dashboard/search_callback.php on line 15
[01-Sep-2019 19:27:47 UTC] PHP Warning:  Invalid argument supplied for foreach() in /Applications/MAMP/htdocs/website/dashboard/search_callback.php on line 19
[01-Sep-2019 19:28:57 UTC] PHP Notice:  Undefined variable: Predictions in /Applications/MAMP/htdocs/website/dashboard/search_callback.php on line 19
[01-Sep-2019 19:28:57 UTC] PHP Warning:  Invalid argument supplied for foreach() in /Applications/MAMP/htdocs/website/dashboard/search_callback.php on line 19
[01-Sep-2019 19:29:18 UTC] PHP Notice:  Undefined variable: Predictions in /Applications/MAMP/htdocs/website/dashboard/search_callback.php on line 19
[01-Sep-2019 19:29:18 UTC] PHP Warning:  Invalid argument supplied for foreach() in /Applications/MAMP/htdocs/website/dashboard/search_callback.php on line 19
[01-Sep-2019 19:30:08 UTC] PHP Notice:  Undefined variable: Predictions in /Applications/MAMP/htdocs/website/dashboard/search_callback.php on line 19
[01-Sep-2019 19:30:08 UTC] PHP Warning:  Invalid argument supplied for foreach() in /Applications/MAMP/htdocs/website/dashboard/search_callback.php on line 19
[01-Sep-2019 19:30:11 UTC] PHP Notice:  Undefined variable: Predictions in /Applications/MAMP/htdocs/website/dashboard/search_callback.php on line 19
[01-Sep-2019 19:30:11 UTC] PHP Warning:  Invalid argument supplied for foreach() in /Applications/MAMP/htdocs/website/dashboard/search_callback.php on line 19
[01-Sep-2019 19:32:41 UTC] PHP Notice:  Undefined index: country_name in /Applications/MAMP/htdocs/website/dashboard/search_callback.php on line 23
[01-Sep-2019 19:32:41 UTC] PHP Notice:  Undefined index: country_name in /Applications/MAMP/htdocs/website/dashboard/search_callback.php on line 23
[01-Sep-2019 19:32:41 UTC] PHP Notice:  Undefined index: country_name in /Applications/MAMP/htdocs/website/dashboard/search_callback.php on line 23
[01-Sep-2019 19:32:41 UTC] PHP Notice:  Undefined index: country_name in /Applications/MAMP/htdocs/website/dashboard/search_callback.php on line 23
[01-Sep-2019 19:32:41 UTC] PHP Notice:  Undefined index: country_name in /Applications/MAMP/htdocs/website/dashboard/search_callback.php on line 23
[01-Sep-2019 19:32:41 UTC] PHP Notice:  Undefined index: country_name in /Applications/MAMP/htdocs/website/dashboard/search_callback.php on line 23
[01-Sep-2019 19:32:41 UTC] PHP Notice:  Undefined index: country_name in /Applications/MAMP/htdocs/website/dashboard/search_callback.php on line 23
[01-Sep-2019 19:32:41 UTC] PHP Notice:  Undefined index: country_name in /Applications/MAMP/htdocs/website/dashboard/search_callback.php on line 23
[01-Sep-2019 19:33:16 UTC] PHP Notice:  Undefined index: country_name in /Applications/MAMP/htdocs/website/dashboard/search_callback.php on line 23
[01-Sep-2019 19:33:16 UTC] PHP Notice:  Undefined index: country_name in /Applications/MAMP/htdocs/website/dashboard/search_callback.php on line 23
[01-Sep-2019 19:33:16 UTC] PHP Notice:  Undefined index: country_name in /Applications/MAMP/htdocs/website/dashboard/search_callback.php on line 23
[01-Sep-2019 19:33:16 UTC] PHP Notice:  Undefined index: country_name in /Applications/MAMP/htdocs/website/dashboard/search_callback.php on line 23
[01-Sep-2019 19:33:16 UTC] PHP Notice:  Undefined index: country_name in /Applications/MAMP/htdocs/website/dashboard/search_callback.php on line 23
[01-Sep-2019 19:33:16 UTC] PHP Notice:  Undefined index: country_name in /Applications/MAMP/htdocs/website/dashboard/search_callback.php on line 23
[01-Sep-2019 19:33:16 UTC] PHP Notice:  Undefined index: country_name in /Applications/MAMP/htdocs/website/dashboard/search_callback.php on line 23
[01-Sep-2019 19:33:16 UTC] PHP Notice:  Undefined index: country_name in /Applications/MAMP/htdocs/website/dashboard/search_callback.php on line 23
[01-Sep-2019 19:38:05 UTC] PHP Notice:  Undefined variable: Predictions in /Applications/MAMP/htdocs/website/dashboard/search_callback.php on line 19
[01-Sep-2019 19:38:05 UTC] PHP Warning:  Invalid argument supplied for foreach() in /Applications/MAMP/htdocs/website/dashboard/search_callback.php on line 19
[01-Sep-2019 19:38:05 UTC] PHP Notice:  Undefined variable: Predictions in /Applications/MAMP/htdocs/website/dashboard/search_callback.php on line 19
[01-Sep-2019 19:38:05 UTC] PHP Warning:  Invalid argument supplied for foreach() in /Applications/MAMP/htdocs/website/dashboard/search_callback.php on line 19
[01-Sep-2019 19:38:05 UTC] PHP Notice:  Undefined variable: Predictions in /Applications/MAMP/htdocs/website/dashboard/search_callback.php on line 19
[01-Sep-2019 19:38:05 UTC] PHP Warning:  Invalid argument supplied for foreach() in /Applications/MAMP/htdocs/website/dashboard/search_callback.php on line 19
[01-Sep-2019 19:38:05 UTC] PHP Notice:  Undefined variable: Predictions in /Applications/MAMP/htdocs/website/dashboard/search_callback.php on line 19
[01-Sep-2019 19:38:05 UTC] PHP Warning:  Invalid argument supplied for foreach() in /Applications/MAMP/htdocs/website/dashboard/search_callback.php on line 19
[01-Sep-2019 19:46:45 UTC] PHP Parse error:  syntax error, unexpected ';' in /Applications/MAMP/htdocs/website/dashboard/search_callback.php on line 12
[02-Sep-2019 10:27:15 UTC] PHP Parse error:  syntax error, unexpected 's_search_box' (T_STRING) in /Applications/MAMP/htdocs/website/dashboard/search_callback.php on line 50
[02-Sep-2019 10:27:16 UTC] PHP Parse error:  syntax error, unexpected 's_search_box' (T_STRING) in /Applications/MAMP/htdocs/website/dashboard/search_callback.php on line 50
[02-Sep-2019 10:27:16 UTC] PHP Parse error:  syntax error, unexpected 's_search_box' (T_STRING) in /Applications/MAMP/htdocs/website/dashboard/search_callback.php on line 50
[02-Sep-2019 10:27:16 UTC] PHP Parse error:  syntax error, unexpected 's_search_box' (T_STRING) in /Applications/MAMP/htdocs/website/dashboard/search_callback.php on line 50
[02-Sep-2019 11:23:56 UTC] PHP Fatal error:  Cannot redeclare MakeDayOption() (previously declared in /Applications/MAMP/htdocs/website/essentials/essentials.php:6) in /Applications/MAMP/htdocs/website/essentials/essentials.php on line 15
