[26-Aug-2019 15:13:12 UTC] PHP Warning:  include(resources/config/config.php): failed to open stream: No such file or directory in /Applications/MAMP/htdocs/website/help/index.php on line 5
[26-Aug-2019 15:13:12 UTC] PHP Warning:  include(): Failed opening 'resources/config/config.php' for inclusion (include_path='.:/Applications/MAMP/bin/php/php7.3.1/lib/php') in /Applications/MAMP/htdocs/website/help/index.php on line 5
[26-Aug-2019 15:13:12 UTC] PHP Warning:  include(essentials.php): failed to open stream: No such file or directory in /Applications/MAMP/htdocs/website/help/index.php on line 6
[26-Aug-2019 15:13:12 UTC] PHP Warning:  include(): Failed opening 'essentials.php' for inclusion (include_path='.:/Applications/MAMP/bin/php/php7.3.1/lib/php') in /Applications/MAMP/htdocs/website/help/index.php on line 6
[26-Aug-2019 15:13:12 UTC] PHP Warning:  include(dashboard_header.php): failed to open stream: No such file or directory in /Applications/MAMP/htdocs/website/help/index.php on line 7
[26-Aug-2019 15:13:12 UTC] PHP Warning:  include(): Failed opening 'dashboard_header.php' for inclusion (include_path='.:/Applications/MAMP/bin/php/php7.3.1/lib/php') in /Applications/MAMP/htdocs/website/help/index.php on line 7
[26-Aug-2019 15:13:12 UTC] PHP Warning:  include(html_header.php): failed to open stream: No such file or directory in /Applications/MAMP/htdocs/website/help/index.php on line 8
[26-Aug-2019 15:13:12 UTC] PHP Warning:  include(): Failed opening 'html_header.php' for inclusion (include_path='.:/Applications/MAMP/bin/php/php7.3.1/lib/php') in /Applications/MAMP/htdocs/website/help/index.php on line 8
[26-Aug-2019 15:13:12 UTC] PHP Fatal error:  Uncaught Error: Call to undefined function ShowHeader() in /Applications/MAMP/htdocs/website/help/index.php:13
Stack trace:
#0 {main}
  thrown in /Applications/MAMP/htdocs/website/help/index.php on line 13
[26-Aug-2019 15:13:13 UTC] PHP Warning:  include(resources/config/config.php): failed to open stream: No such file or directory in /Applications/MAMP/htdocs/website/help/index.php on line 5
[26-Aug-2019 15:13:13 UTC] PHP Warning:  include(): Failed opening 'resources/config/config.php' for inclusion (include_path='.:/Applications/MAMP/bin/php/php7.3.1/lib/php') in /Applications/MAMP/htdocs/website/help/index.php on line 5
[26-Aug-2019 15:13:13 UTC] PHP Warning:  include(essentials.php): failed to open stream: No such file or directory in /Applications/MAMP/htdocs/website/help/index.php on line 6
[26-Aug-2019 15:13:13 UTC] PHP Warning:  include(): Failed opening 'essentials.php' for inclusion (include_path='.:/Applications/MAMP/bin/php/php7.3.1/lib/php') in /Applications/MAMP/htdocs/website/help/index.php on line 6
[26-Aug-2019 15:13:13 UTC] PHP Warning:  include(dashboard_header.php): failed to open stream: No such file or directory in /Applications/MAMP/htdocs/website/help/index.php on line 7
[26-Aug-2019 15:13:13 UTC] PHP Warning:  include(): Failed opening 'dashboard_header.php' for inclusion (include_path='.:/Applications/MAMP/bin/php/php7.3.1/lib/php') in /Applications/MAMP/htdocs/website/help/index.php on line 7
[26-Aug-2019 15:13:13 UTC] PHP Warning:  include(html_header.php): failed to open stream: No such file or directory in /Applications/MAMP/htdocs/website/help/index.php on line 8
[26-Aug-2019 15:13:13 UTC] PHP Warning:  include(): Failed opening 'html_header.php' for inclusion (include_path='.:/Applications/MAMP/bin/php/php7.3.1/lib/php') in /Applications/MAMP/htdocs/website/help/index.php on line 8
[26-Aug-2019 15:13:13 UTC] PHP Fatal error:  Uncaught Error: Call to undefined function ShowHeader() in /Applications/MAMP/htdocs/website/help/index.php:13
Stack trace:
#0 {main}
  thrown in /Applications/MAMP/htdocs/website/help/index.php on line 13
[26-Aug-2019 15:13:52 UTC] PHP Warning:  include(/website/resources/config/config.php): failed to open stream: No such file or directory in /Applications/MAMP/htdocs/website/help/index.php on line 5
[26-Aug-2019 15:13:52 UTC] PHP Warning:  include(): Failed opening '/website/resources/config/config.php' for inclusion (include_path='.:/Applications/MAMP/bin/php/php7.3.1/lib/php') in /Applications/MAMP/htdocs/website/help/index.php on line 5
[26-Aug-2019 15:13:52 UTC] PHP Warning:  include(/website/essentials.php): failed to open stream: No such file or directory in /Applications/MAMP/htdocs/website/help/index.php on line 6
[26-Aug-2019 15:13:52 UTC] PHP Warning:  include(): Failed opening '/website/essentials.php' for inclusion (include_path='.:/Applications/MAMP/bin/php/php7.3.1/lib/php') in /Applications/MAMP/htdocs/website/help/index.php on line 6
[26-Aug-2019 15:13:52 UTC] PHP Warning:  include(/website/dashboard_header.php): failed to open stream: No such file or directory in /Applications/MAMP/htdocs/website/help/index.php on line 7
[26-Aug-2019 15:13:52 UTC] PHP Warning:  include(): Failed opening '/website/dashboard_header.php' for inclusion (include_path='.:/Applications/MAMP/bin/php/php7.3.1/lib/php') in /Applications/MAMP/htdocs/website/help/index.php on line 7
[26-Aug-2019 15:13:52 UTC] PHP Warning:  include(/website/html_header.php): failed to open stream: No such file or directory in /Applications/MAMP/htdocs/website/help/index.php on line 8
[26-Aug-2019 15:13:52 UTC] PHP Warning:  include(): Failed opening '/website/html_header.php' for inclusion (include_path='.:/Applications/MAMP/bin/php/php7.3.1/lib/php') in /Applications/MAMP/htdocs/website/help/index.php on line 8
[26-Aug-2019 15:13:52 UTC] PHP Fatal error:  Uncaught Error: Call to undefined function ShowHeader() in /Applications/MAMP/htdocs/website/help/index.php:13
Stack trace:
#0 {main}
  thrown in /Applications/MAMP/htdocs/website/help/index.php on line 13
[26-Aug-2019 15:13:53 UTC] PHP Warning:  include(/website/resources/config/config.php): failed to open stream: No such file or directory in /Applications/MAMP/htdocs/website/help/index.php on line 5
[26-Aug-2019 15:13:53 UTC] PHP Warning:  include(): Failed opening '/website/resources/config/config.php' for inclusion (include_path='.:/Applications/MAMP/bin/php/php7.3.1/lib/php') in /Applications/MAMP/htdocs/website/help/index.php on line 5
[26-Aug-2019 15:13:53 UTC] PHP Warning:  include(/website/essentials.php): failed to open stream: No such file or directory in /Applications/MAMP/htdocs/website/help/index.php on line 6
[26-Aug-2019 15:13:53 UTC] PHP Warning:  include(): Failed opening '/website/essentials.php' for inclusion (include_path='.:/Applications/MAMP/bin/php/php7.3.1/lib/php') in /Applications/MAMP/htdocs/website/help/index.php on line 6
[26-Aug-2019 15:13:53 UTC] PHP Warning:  include(/website/dashboard_header.php): failed to open stream: No such file or directory in /Applications/MAMP/htdocs/website/help/index.php on line 7
[26-Aug-2019 15:13:53 UTC] PHP Warning:  include(): Failed opening '/website/dashboard_header.php' for inclusion (include_path='.:/Applications/MAMP/bin/php/php7.3.1/lib/php') in /Applications/MAMP/htdocs/website/help/index.php on line 7
[26-Aug-2019 15:13:53 UTC] PHP Warning:  include(/website/html_header.php): failed to open stream: No such file or directory in /Applications/MAMP/htdocs/website/help/index.php on line 8
[26-Aug-2019 15:13:53 UTC] PHP Warning:  include(): Failed opening '/website/html_header.php' for inclusion (include_path='.:/Applications/MAMP/bin/php/php7.3.1/lib/php') in /Applications/MAMP/htdocs/website/help/index.php on line 8
[26-Aug-2019 15:13:53 UTC] PHP Fatal error:  Uncaught Error: Call to undefined function ShowHeader() in /Applications/MAMP/htdocs/website/help/index.php:13
Stack trace:
#0 {main}
  thrown in /Applications/MAMP/htdocs/website/help/index.php on line 13
[26-Aug-2019 15:13:54 UTC] PHP Warning:  include(/website/resources/config/config.php): failed to open stream: No such file or directory in /Applications/MAMP/htdocs/website/help/index.php on line 5
[26-Aug-2019 15:13:54 UTC] PHP Warning:  include(): Failed opening '/website/resources/config/config.php' for inclusion (include_path='.:/Applications/MAMP/bin/php/php7.3.1/lib/php') in /Applications/MAMP/htdocs/website/help/index.php on line 5
[26-Aug-2019 15:13:54 UTC] PHP Warning:  include(/website/essentials.php): failed to open stream: No such file or directory in /Applications/MAMP/htdocs/website/help/index.php on line 6
[26-Aug-2019 15:13:54 UTC] PHP Warning:  include(): Failed opening '/website/essentials.php' for inclusion (include_path='.:/Applications/MAMP/bin/php/php7.3.1/lib/php') in /Applications/MAMP/htdocs/website/help/index.php on line 6
[26-Aug-2019 15:13:54 UTC] PHP Warning:  include(/website/dashboard_header.php): failed to open stream: No such file or directory in /Applications/MAMP/htdocs/website/help/index.php on line 7
[26-Aug-2019 15:13:54 UTC] PHP Warning:  include(): Failed opening '/website/dashboard_header.php' for inclusion (include_path='.:/Applications/MAMP/bin/php/php7.3.1/lib/php') in /Applications/MAMP/htdocs/website/help/index.php on line 7
[26-Aug-2019 15:13:54 UTC] PHP Warning:  include(/website/html_header.php): failed to open stream: No such file or directory in /Applications/MAMP/htdocs/website/help/index.php on line 8
[26-Aug-2019 15:13:54 UTC] PHP Warning:  include(): Failed opening '/website/html_header.php' for inclusion (include_path='.:/Applications/MAMP/bin/php/php7.3.1/lib/php') in /Applications/MAMP/htdocs/website/help/index.php on line 8
[26-Aug-2019 15:13:54 UTC] PHP Fatal error:  Uncaught Error: Call to undefined function ShowHeader() in /Applications/MAMP/htdocs/website/help/index.php:13
Stack trace:
#0 {main}
  thrown in /Applications/MAMP/htdocs/website/help/index.php on line 13
[26-Aug-2019 15:13:59 UTC] PHP Warning:  include(/resources/config/config.php): failed to open stream: No such file or directory in /Applications/MAMP/htdocs/website/help/index.php on line 5
[26-Aug-2019 15:13:59 UTC] PHP Warning:  include(): Failed opening '/resources/config/config.php' for inclusion (include_path='.:/Applications/MAMP/bin/php/php7.3.1/lib/php') in /Applications/MAMP/htdocs/website/help/index.php on line 5
[26-Aug-2019 15:13:59 UTC] PHP Warning:  include(/website/essentials.php): failed to open stream: No such file or directory in /Applications/MAMP/htdocs/website/help/index.php on line 6
[26-Aug-2019 15:13:59 UTC] PHP Warning:  include(): Failed opening '/website/essentials.php' for inclusion (include_path='.:/Applications/MAMP/bin/php/php7.3.1/lib/php') in /Applications/MAMP/htdocs/website/help/index.php on line 6
[26-Aug-2019 15:13:59 UTC] PHP Warning:  include(/website/dashboard_header.php): failed to open stream: No such file or directory in /Applications/MAMP/htdocs/website/help/index.php on line 7
[26-Aug-2019 15:13:59 UTC] PHP Warning:  include(): Failed opening '/website/dashboard_header.php' for inclusion (include_path='.:/Applications/MAMP/bin/php/php7.3.1/lib/php') in /Applications/MAMP/htdocs/website/help/index.php on line 7
[26-Aug-2019 15:13:59 UTC] PHP Warning:  include(/website/html_header.php): failed to open stream: No such file or directory in /Applications/MAMP/htdocs/website/help/index.php on line 8
[26-Aug-2019 15:13:59 UTC] PHP Warning:  include(): Failed opening '/website/html_header.php' for inclusion (include_path='.:/Applications/MAMP/bin/php/php7.3.1/lib/php') in /Applications/MAMP/htdocs/website/help/index.php on line 8
[26-Aug-2019 15:13:59 UTC] PHP Fatal error:  Uncaught Error: Call to undefined function ShowHeader() in /Applications/MAMP/htdocs/website/help/index.php:13
Stack trace:
#0 {main}
  thrown in /Applications/MAMP/htdocs/website/help/index.php on line 13
[26-Aug-2019 15:14:00 UTC] PHP Warning:  include(/resources/config/config.php): failed to open stream: No such file or directory in /Applications/MAMP/htdocs/website/help/index.php on line 5
[26-Aug-2019 15:14:00 UTC] PHP Warning:  include(): Failed opening '/resources/config/config.php' for inclusion (include_path='.:/Applications/MAMP/bin/php/php7.3.1/lib/php') in /Applications/MAMP/htdocs/website/help/index.php on line 5
[26-Aug-2019 15:14:00 UTC] PHP Warning:  include(/website/essentials.php): failed to open stream: No such file or directory in /Applications/MAMP/htdocs/website/help/index.php on line 6
[26-Aug-2019 15:14:00 UTC] PHP Warning:  include(): Failed opening '/website/essentials.php' for inclusion (include_path='.:/Applications/MAMP/bin/php/php7.3.1/lib/php') in /Applications/MAMP/htdocs/website/help/index.php on line 6
[26-Aug-2019 15:14:00 UTC] PHP Warning:  include(/website/dashboard_header.php): failed to open stream: No such file or directory in /Applications/MAMP/htdocs/website/help/index.php on line 7
[26-Aug-2019 15:14:00 UTC] PHP Warning:  include(): Failed opening '/website/dashboard_header.php' for inclusion (include_path='.:/Applications/MAMP/bin/php/php7.3.1/lib/php') in /Applications/MAMP/htdocs/website/help/index.php on line 7
[26-Aug-2019 15:14:00 UTC] PHP Warning:  include(/website/html_header.php): failed to open stream: No such file or directory in /Applications/MAMP/htdocs/website/help/index.php on line 8
[26-Aug-2019 15:14:00 UTC] PHP Warning:  include(): Failed opening '/website/html_header.php' for inclusion (include_path='.:/Applications/MAMP/bin/php/php7.3.1/lib/php') in /Applications/MAMP/htdocs/website/help/index.php on line 8
[26-Aug-2019 15:14:00 UTC] PHP Fatal error:  Uncaught Error: Call to undefined function ShowHeader() in /Applications/MAMP/htdocs/website/help/index.php:13
Stack trace:
#0 {main}
  thrown in /Applications/MAMP/htdocs/website/help/index.php on line 13
[26-Aug-2019 15:14:09 UTC] PHP Warning:  include(/resources/config/config.php): failed to open stream: No such file or directory in /Applications/MAMP/htdocs/website/help/index.php on line 5
[26-Aug-2019 15:14:09 UTC] PHP Warning:  include(): Failed opening '/resources/config/config.php' for inclusion (include_path='.:/Applications/MAMP/bin/php/php7.3.1/lib/php') in /Applications/MAMP/htdocs/website/help/index.php on line 5
[26-Aug-2019 15:14:09 UTC] PHP Warning:  include(/essentials.php): failed to open stream: No such file or directory in /Applications/MAMP/htdocs/website/help/index.php on line 6
[26-Aug-2019 15:14:09 UTC] PHP Warning:  include(): Failed opening '/essentials.php' for inclusion (include_path='.:/Applications/MAMP/bin/php/php7.3.1/lib/php') in /Applications/MAMP/htdocs/website/help/index.php on line 6
[26-Aug-2019 15:14:09 UTC] PHP Warning:  include(/dashboard_header.php): failed to open stream: No such file or directory in /Applications/MAMP/htdocs/website/help/index.php on line 7
[26-Aug-2019 15:14:09 UTC] PHP Warning:  include(): Failed opening '/dashboard_header.php' for inclusion (include_path='.:/Applications/MAMP/bin/php/php7.3.1/lib/php') in /Applications/MAMP/htdocs/website/help/index.php on line 7
[26-Aug-2019 15:14:09 UTC] PHP Warning:  include(/html_header.php): failed to open stream: No such file or directory in /Applications/MAMP/htdocs/website/help/index.php on line 8
[26-Aug-2019 15:14:09 UTC] PHP Warning:  include(): Failed opening '/html_header.php' for inclusion (include_path='.:/Applications/MAMP/bin/php/php7.3.1/lib/php') in /Applications/MAMP/htdocs/website/help/index.php on line 8
[26-Aug-2019 15:14:09 UTC] PHP Fatal error:  Uncaught Error: Call to undefined function ShowHeader() in /Applications/MAMP/htdocs/website/help/index.php:13
Stack trace:
#0 {main}
  thrown in /Applications/MAMP/htdocs/website/help/index.php on line 13
[26-Aug-2019 15:14:09 UTC] PHP Warning:  include(/resources/config/config.php): failed to open stream: No such file or directory in /Applications/MAMP/htdocs/website/help/index.php on line 5
[26-Aug-2019 15:14:09 UTC] PHP Warning:  include(): Failed opening '/resources/config/config.php' for inclusion (include_path='.:/Applications/MAMP/bin/php/php7.3.1/lib/php') in /Applications/MAMP/htdocs/website/help/index.php on line 5
[26-Aug-2019 15:14:09 UTC] PHP Warning:  include(/essentials.php): failed to open stream: No such file or directory in /Applications/MAMP/htdocs/website/help/index.php on line 6
[26-Aug-2019 15:14:09 UTC] PHP Warning:  include(): Failed opening '/essentials.php' for inclusion (include_path='.:/Applications/MAMP/bin/php/php7.3.1/lib/php') in /Applications/MAMP/htdocs/website/help/index.php on line 6
[26-Aug-2019 15:14:09 UTC] PHP Warning:  include(/dashboard_header.php): failed to open stream: No such file or directory in /Applications/MAMP/htdocs/website/help/index.php on line 7
[26-Aug-2019 15:14:09 UTC] PHP Warning:  include(): Failed opening '/dashboard_header.php' for inclusion (include_path='.:/Applications/MAMP/bin/php/php7.3.1/lib/php') in /Applications/MAMP/htdocs/website/help/index.php on line 7
[26-Aug-2019 15:14:09 UTC] PHP Warning:  include(/html_header.php): failed to open stream: No such file or directory in /Applications/MAMP/htdocs/website/help/index.php on line 8
[26-Aug-2019 15:14:09 UTC] PHP Warning:  include(): Failed opening '/html_header.php' for inclusion (include_path='.:/Applications/MAMP/bin/php/php7.3.1/lib/php') in /Applications/MAMP/htdocs/website/help/index.php on line 8
[26-Aug-2019 15:14:09 UTC] PHP Fatal error:  Uncaught Error: Call to undefined function ShowHeader() in /Applications/MAMP/htdocs/website/help/index.php:13
Stack trace:
#0 {main}
  thrown in /Applications/MAMP/htdocs/website/help/index.php on line 13
[27-Aug-2019 13:02:04 UTC] PHP Warning:  include(../essentials.php): failed to open stream: No such file or directory in /Applications/MAMP/htdocs/website/help/index.php on line 6
[27-Aug-2019 13:02:04 UTC] PHP Warning:  include(): Failed opening '../essentials.php' for inclusion (include_path='.:/Applications/MAMP/bin/php/php7.3.1/lib/php') in /Applications/MAMP/htdocs/website/help/index.php on line 6
[27-Aug-2019 13:02:04 UTC] PHP Warning:  include(../dashboard_header.php): failed to open stream: No such file or directory in /Applications/MAMP/htdocs/website/help/index.php on line 7
[27-Aug-2019 13:02:04 UTC] PHP Warning:  include(): Failed opening '../dashboard_header.php' for inclusion (include_path='.:/Applications/MAMP/bin/php/php7.3.1/lib/php') in /Applications/MAMP/htdocs/website/help/index.php on line 7
[27-Aug-2019 13:02:04 UTC] PHP Warning:  include(../html_header.php): failed to open stream: No such file or directory in /Applications/MAMP/htdocs/website/help/index.php on line 8
[27-Aug-2019 13:02:04 UTC] PHP Warning:  include(): Failed opening '../html_header.php' for inclusion (include_path='.:/Applications/MAMP/bin/php/php7.3.1/lib/php') in /Applications/MAMP/htdocs/website/help/index.php on line 8
[27-Aug-2019 13:02:04 UTC] PHP Fatal error:  Uncaught Error: Call to undefined function ShowHeader() in /Applications/MAMP/htdocs/website/help/index.php:13
Stack trace:
#0 {main}
  thrown in /Applications/MAMP/htdocs/website/help/index.php on line 13
[27-Aug-2019 13:02:14 UTC] PHP Warning:  include(../essentials.php): failed to open stream: No such file or directory in /Applications/MAMP/htdocs/website/help/index.php on line 6
[27-Aug-2019 13:02:14 UTC] PHP Warning:  include(): Failed opening '../essentials.php' for inclusion (include_path='.:/Applications/MAMP/bin/php/php7.3.1/lib/php') in /Applications/MAMP/htdocs/website/help/index.php on line 6
[27-Aug-2019 13:02:14 UTC] PHP Warning:  include(../dashboard_header.php): failed to open stream: No such file or directory in /Applications/MAMP/htdocs/website/help/index.php on line 7
[27-Aug-2019 13:02:14 UTC] PHP Warning:  include(): Failed opening '../dashboard_header.php' for inclusion (include_path='.:/Applications/MAMP/bin/php/php7.3.1/lib/php') in /Applications/MAMP/htdocs/website/help/index.php on line 7
[27-Aug-2019 13:02:14 UTC] PHP Warning:  include(../html_header.php): failed to open stream: No such file or directory in /Applications/MAMP/htdocs/website/help/index.php on line 8
[27-Aug-2019 13:02:14 UTC] PHP Warning:  include(): Failed opening '../html_header.php' for inclusion (include_path='.:/Applications/MAMP/bin/php/php7.3.1/lib/php') in /Applications/MAMP/htdocs/website/help/index.php on line 8
[27-Aug-2019 13:02:14 UTC] PHP Fatal error:  Uncaught Error: Call to undefined function ShowHeader() in /Applications/MAMP/htdocs/website/help/index.php:13
Stack trace:
#0 {main}
  thrown in /Applications/MAMP/htdocs/website/help/index.php on line 13
[27-Aug-2019 13:02:16 UTC] PHP Warning:  include(../essentials.php): failed to open stream: No such file or directory in /Applications/MAMP/htdocs/website/help/index.php on line 6
[27-Aug-2019 13:02:16 UTC] PHP Warning:  include(): Failed opening '../essentials.php' for inclusion (include_path='.:/Applications/MAMP/bin/php/php7.3.1/lib/php') in /Applications/MAMP/htdocs/website/help/index.php on line 6
[27-Aug-2019 13:02:16 UTC] PHP Warning:  include(../dashboard_header.php): failed to open stream: No such file or directory in /Applications/MAMP/htdocs/website/help/index.php on line 7
[27-Aug-2019 13:02:16 UTC] PHP Warning:  include(): Failed opening '../dashboard_header.php' for inclusion (include_path='.:/Applications/MAMP/bin/php/php7.3.1/lib/php') in /Applications/MAMP/htdocs/website/help/index.php on line 7
[27-Aug-2019 13:02:16 UTC] PHP Warning:  include(../html_header.php): failed to open stream: No such file or directory in /Applications/MAMP/htdocs/website/help/index.php on line 8
[27-Aug-2019 13:02:16 UTC] PHP Warning:  include(): Failed opening '../html_header.php' for inclusion (include_path='.:/Applications/MAMP/bin/php/php7.3.1/lib/php') in /Applications/MAMP/htdocs/website/help/index.php on line 8
[27-Aug-2019 13:02:16 UTC] PHP Fatal error:  Uncaught Error: Call to undefined function ShowHeader() in /Applications/MAMP/htdocs/website/help/index.php:13
Stack trace:
#0 {main}
  thrown in /Applications/MAMP/htdocs/website/help/index.php on line 13
